This is XeTeX, Version 3.141592653-2.6-0.999998 (MiKTeX 26.2) (preloaded format=xelatex.fmt)
 restricted \write18 enabled.
entering extended mode
(main.tex
LaTeX2e <2025-11-01>
L3 programming layer <2026-03-20>
(C:\Program Files\MiKTeX\tex/latex/base\report.cls
Document Class: report 2025/01/22 v1.4n Standard LaTeX document class
(C:\Program Files\MiKTeX\tex/latex/base\size12.clo))
(C:\Program Files\MiKTeX\tex/generic/iftex\ifxetex.sty
(C:\Program Files\MiKTeX\tex/generic/iftex\iftex.sty))
(C:\Program Files\MiKTeX\tex/latex/base\inputenc.sty

Package inputenc Warning: inputenc package ignored with utf8 based engines.

) (C:\Program Files\MiKTeX\tex/latex/base\fontenc.sty
(C:\Program Files\MiKTeX\tex/latex/lm\t1lmr.fd))
(C:\Program Files\MiKTeX\tex/latex/lm\lmodern.sty)
(C:\Users\ryzen 5\AppData\Roaming\MiKTeX\tex/latex/geometry\geometry.sty
(C:\Program Files\MiKTeX\tex/latex/graphics\keyval.sty)
(C:\Program Files\MiKTeX\tex/generic/iftex\ifvtex.sty)
(C:\Users\ryzen 5\AppData\Roaming\MiKTeX\tex/latex/geometry\geometry.cfg))
(C:\Users\ryzen 5\AppData\Roaming\MiKTeX\tex/latex/setspace\setspace.sty)
(C:\Program Files\MiKTeX\tex/latex/graphics\graphicx.sty
(C:\Program Files\MiKTeX\tex/latex/graphics\graphics.sty
(C:\Program Files\MiKTeX\tex/latex/graphics\trig.sty)
(C:\Program Files\MiKTeX\tex/latex/graphics-cfg\graphics.cfg)
(C:\Program Files\MiKTeX\tex/latex/graphics-def\xetex.def)))
(C:\Users\ryzen 5\AppData\Roaming\MiKTeX\tex/latex/booktabs\booktabs.sty)
(C:\Program Files\MiKTeX\tex/latex/tools\array.sty)
(C:\Program Files\MiKTeX\tex/latex/tools\tabularx.sty)
(C:\Program Files\MiKTeX\tex/latex/tools\longtable.sty)
(C:\Users\ryzen 5\AppData\Roaming\MiKTeX\tex/latex/float\float.sty)
(C:\Users\ryzen 5\AppData\Roaming\MiKTeX\tex/latex/caption\caption.sty
(C:\Users\ryzen 5\AppData\Roaming\MiKTeX\tex/latex/caption\caption3.sty)
(C:\Users\ryzen 5\AppData\Roaming\MiKTeX\tex/latex/caption\ltcaption.sty))
(C:\Users\ryzen 5\AppData\Roaming\MiKTeX\tex/latex/caption\subcaption.sty)
(C:\Users\ryzen 5\AppData\Roaming\MiKTeX\tex/latex/enumitem\enumitem.sty)
(C:\Program Files\MiKTeX\tex/latex/amsmath\amsmath.sty
For additional information on amsmath, use the `?' option.
(C:\Program Files\MiKTeX\tex/latex/amsmath\amstext.sty
(C:\Program Files\MiKTeX\tex/latex/amsmath\amsgen.sty))
(C:\Program Files\MiKTeX\tex/latex/amsmath\amsbsy.sty)
(C:\Program Files\MiKTeX\tex/latex/amsmath\amsopn.sty))
(C:\Program Files\MiKTeX\tex/latex/amsfonts\amssymb.sty
(C:\Program Files\MiKTeX\tex/latex/amsfonts\amsfonts.sty))
(C:\Program Files\MiKTeX\tex/latex/hyperref\hyperref.sty
(C:\Users\ryzen 5\AppData\Roaming\MiKTeX\tex/latex/kvsetkeys\kvsetkeys.sty)
(C:\Users\ryzen 5\AppData\Roaming\MiKTeX\tex/generic/kvdefinekeys\kvdefinekeys.
sty)
(C:\Users\ryzen 5\AppData\Roaming\MiKTeX\tex/generic/pdfescape\pdfescape.sty
(C:\Users\ryzen 5\AppData\Roaming\MiKTeX\tex/generic/ltxcmds\ltxcmds.sty)
(C:\Program Files\MiKTeX\tex/generic/pdftexcmds\pdftexcmds.sty
(C:\Users\ryzen 5\AppData\Roaming\MiKTeX\tex/generic/infwarerr\infwarerr.sty)))
 (C:\Users\ryzen 5\AppData\Roaming\MiKTeX\tex/latex/hycolor\hycolor.sty)
(C:\Program Files\MiKTeX\tex/latex/hyperref\nameref.sty
(C:\Users\ryzen 5\AppData\Roaming\MiKTeX\tex/latex/refcount\refcount.sty)
(C:\Users\ryzen 5\AppData\Roaming\MiKTeX\tex/generic/gettitlestring\gettitlestr
ing.sty
(C:\Users\ryzen 5\AppData\Roaming\MiKTeX\tex/latex/kvoptions\kvoptions.sty)))
(C:\Program Files\MiKTeX\tex/latex/etoolbox\etoolbox.sty)
(C:\Users\ryzen 5\AppData\Roaming\MiKTeX\tex/generic/stringenc\stringenc.sty)
(C:\Program Files\MiKTeX\tex/latex/hyperref\pd1enc.def)
(C:\Users\ryzen 5\AppData\Roaming\MiKTeX\tex/generic/intcalc\intcalc.sty)
(C:\Program Files\MiKTeX\tex/latex/hyperref\puenc.def)
(C:\Program Files\MiKTeX\tex/latex/url\url.sty)
(C:\Users\ryzen 5\AppData\Roaming\MiKTeX\tex/generic/bitset\bitset.sty
(C:\Users\ryzen 5\AppData\Roaming\MiKTeX\tex/generic/bigintcalc\bigintcalc.sty)
)) (C:\Program Files\MiKTeX\tex/latex/hyperref\hxetex.def
(C:\Users\ryzen 5\AppData\Roaming\MiKTeX\tex/latex/rerunfilecheck\rerunfilechec
k.sty
(C:\Users\ryzen 5\AppData\Roaming\MiKTeX\tex/generic/uniquecounter\uniquecounte
r.sty))) (C:\Program Files\MiKTeX\tex/latex/xcolor\xcolor.sty
(C:\Program Files\MiKTeX\tex/latex/graphics-cfg\color.cfg)
(C:\Program Files\MiKTeX\tex/latex/graphics\mathcolor.ltx))
(C:\Users\ryzen 5\AppData\Roaming\MiKTeX\tex/latex/fancyhdr\fancyhdr.sty)
(C:\Users\ryzen 5\AppData\Roaming\MiKTeX\tex/latex/pdfpages\pdfpages.sty
(C:\Program Files\MiKTeX\tex/latex/base\ifthen.sty)
(C:\Program Files\MiKTeX\tex/latex/tools\calc.sty)
(C:\Users\ryzen 5\AppData\Roaming\MiKTeX\tex/latex/eso-pic\eso-pic.sty)
(C:\Users\ryzen 5\AppData\Roaming\MiKTeX\tex/latex/pdfpages\ppxetex.def))
(C:\Users\ryzen 5\AppData\Roaming\MiKTeX\tex/latex/pdflscape\pdflscape.sty
(C:\Users\ryzen 5\AppData\Roaming\MiKTeX\tex/latex/pdflscape\pdflscape-nometada
ta.sty (C:\Program Files\MiKTeX\tex/latex/graphics\lscape.sty)))
(C:\Program Files\MiKTeX\tex/latex/graphics\rotating.sty)
(C:\Users\ryzen 5\AppData\Roaming\MiKTeX\tex/latex/adjustbox\adjustbox.sty
(C:\Program Files\MiKTeX\tex/latex/xkeyval\xkeyval.sty
(C:\Program Files\MiKTeX\tex/generic/xkeyval\xkeyval.tex
(C:\Program Files\MiKTeX\tex/generic/xkeyval\xkvutils.tex)))
(C:\Users\ryzen 5\AppData\Roaming\MiKTeX\tex/latex/adjustbox\adjcalc.sty)
(C:\Users\ryzen 5\AppData\Roaming\MiKTeX\tex/latex/adjustbox\trimclip.sty
(C:\Users\ryzen 5\AppData\Roaming\MiKTeX\tex/latex/collectbox\collectbox.sty)
(C:\Users\ryzen 5\AppData\Roaming\MiKTeX\tex/latex/adjustbox\tc-xetex.def))
(C:\Users\ryzen 5\AppData\Roaming\MiKTeX\tex/latex/ifoddpage\ifoddpage.sty)
(C:\Users\ryzen 5\AppData\Roaming\MiKTeX\tex/latex/varwidth\varwidth.sty)
==> First Aid for varwidth.sty applied!
)
(C:\Users\ryzen 5\AppData\Roaming\MiKTeX\tex/latex/polyglossia\polyglossia.sty
(C:\Program Files\MiKTeX\tex/latex/fontspec\fontspec.sty
(C:\Program Files\MiKTeX\tex/latex/l3packages/xparse\xparse.sty
(C:\Program Files\MiKTeX\tex/latex/l3kernel\expl3.sty
(C:\Program Files\MiKTeX\tex/latex/l3backend\l3backend-xetex.def)))
(C:\Program Files\MiKTeX\tex/latex/fontspec\fontspec-xetex.sty
(C:\Program Files\MiKTeX\tex/latex/base\fontenc.sty)
(C:\Program Files\MiKTeX\tex/latex/fontspec\fontspec.cfg)))
(C:\Users\ryzen 5\AppData\Roaming\MiKTeX\tex/latex/polyglossia\gloss-latex.ldf)
)
(C:\Users\ryzen 5\AppData\Roaming\MiKTeX\tex/latex/polyglossia\gloss-english.ld
f)
(C:\Users\ryzen 5\AppData\Roaming\MiKTeX\tex/latex/polyglossia\gloss-arabic.ldf
(C:\Users\ryzen 5\AppData\Roaming\MiKTeX\tex/latex/bidi\bidi.sty
****************************************************
* 
* bidi package (Bidirectional typesetting with
* plain TeX and LaTeX formats in XeTeX and LuaTeX engines)
* 
* Description: A convenient interface for
* typesetting bidirectional texts in plain TeX
* and LaTeX. The package includes adaptations
* for use with many other commonly-used packages.
* 
* Copyright (c) 2007--2026 Vafa Khalighi
* Copyright (c) 2018--2020 bidi-tex GitHub organization
* 
* v26.01.08 (Release Iran), 2026/01/08
* 
* License: LaTeX Project Public License, version
* 1.3c or higher (your choice)
* 
* Location on CTAN: /macros/unicodetex/generic/bidi
* 
* Issue tracker: https://github.com/xepersian/bidi/issues
* 
* Primary author of bidi package: Vafa Khalighi.
* 
****************************************************
(C:\Users\ryzen 5\AppData\Roaming\MiKTeX\tex/latex/bidi\biditools.sty)
(C:\Users\ryzen 5\AppData\Roaming\MiKTeX\tex/latex/zref\zref-abspage.sty
(C:\Users\ryzen 5\AppData\Roaming\MiKTeX\tex/latex/zref\zref-base.sty
(C:\Users\ryzen 5\AppData\Roaming\MiKTeX\tex/generic/etexcmds\etexcmds.sty)
(C:\Users\ryzen 5\AppData\Roaming\MiKTeX\tex/latex/auxhook\auxhook.sty)))
(C:\Users\ryzen 5\AppData\Roaming\MiKTeX\tex/latex/bidi\latex-xetex-bidi.def
(C:\Users\ryzen 5\AppData\Roaming\MiKTeX\tex/latex/bidi\footnote-xetex-bidi.def
) (C:\Users\ryzen 5\AppData\Roaming\MiKTeX\tex/latex/bidi\report-xetex-bidi.def
)
(C:\Users\ryzen 5\AppData\Roaming\MiKTeX\tex/latex/bidi\amsmath-xetex-bidi.def)
 (C:\Users\ryzen 5\AppData\Roaming\MiKTeX\tex/latex/bidi\amstext-xetex-bidi.def
) (C:\Users\ryzen 5\AppData\Roaming\MiKTeX\tex/latex/bidi\array-xetex-bidi.def)
 (C:\Users\ryzen 5\AppData\Roaming\MiKTeX\tex/latex/bidi\caption-xetex-bidi.def
)
(C:\Users\ryzen 5\AppData\Roaming\MiKTeX\tex/latex/bidi\caption3-xetex-bidi.def
) (C:\Users\ryzen 5\AppData\Roaming\MiKTeX\tex/latex/bidi\color-xetex-bidi.def)
 (C:\Users\ryzen 5\AppData\Roaming\MiKTeX\tex/latex/bidi\eso-pic-xetex-bidi.def
)
(C:\Users\ryzen 5\AppData\Roaming\MiKTeX\tex/latex/bidi\fancyhdr-xetex-bidi.def
) (C:\Users\ryzen 5\AppData\Roaming\MiKTeX\tex/latex/bidi\float-xetex-bidi.def)

(C:\Users\ryzen 5\AppData\Roaming\MiKTeX\tex/latex/bidi\geometry-xetex-bidi.def
)
(C:\Users\ryzen 5\AppData\Roaming\MiKTeX\tex/latex/bidi\graphicx-xetex-bidi.def
)
(C:\Users\ryzen 5\AppData\Roaming\MiKTeX\tex/latex/bidi\hyperref-xetex-bidi.def
)
(C:\Users\ryzen 5\AppData\Roaming\MiKTeX\tex/latex/bidi\longtable-xetex-bidi.de
f)
(C:\Users\ryzen 5\AppData\Roaming\MiKTeX\tex/latex/bidi\lscape-xetex-bidi.def)
(C:\Users\ryzen 5\AppData\Roaming\MiKTeX\tex/latex/bidi\pdflscape-xetex-bidi.de
f)
(C:\Users\ryzen 5\AppData\Roaming\MiKTeX\tex/latex/bidi\rotating-xetex-bidi.def
)
(C:\Users\ryzen 5\AppData\Roaming\MiKTeX\tex/latex/bidi\tabularx-xetex-bidi.def
) (C:\Users\ryzen 5\AppData\Roaming\MiKTeX\tex/latex/bidi\xcolor-xetex-bidi.def
)
(C:\Users\ryzen 5\AppData\Roaming\MiKTeX\tex/latex/bidi\tc-xetex-xetex-bidi.def
)))
(C:\Users\ryzen 5\AppData\Roaming\MiKTeX\tex/latex/polyglossia\arabicnumbers.st
y) (C:\Users\ryzen 5\AppData\Roaming\MiKTeX\tex/latex/polyglossia\hijrical.sty
(C:\Users\ryzen 5\AppData\Roaming\MiKTeX\tex/latex/polyglossia\cal-util.def)))
(C:\Users\ryzen 5\AppData\Roaming\MiKTeX\tex/latex/bidi\float-xetex-bidi.def)
(main.aux)
*geometry* driver: auto-detecting
*geometry* detected driver: xetex

Package hyperref Warning: Rerun to get /PageLabels entry.

[1] [1] [2] [3] [4]
Missing character: There is no م in font [lmroman12-bold]:mapping=tex-text;!
Missing character: There is no ل in font [lmroman12-bold]:mapping=tex-text;!
Missing character: There is no خ in font [lmroman12-bold]:mapping=tex-text;!
Missing character: There is no ص in font [lmroman12-bold]:mapping=tex-text;!
main.tex:127: Missing number, treated as zero.
<to be read again> 
                   \c@M 
l.127 M
       apIT هي منصة قائمة على الويب تم إنشاؤها لجمع توثيق البنية التحتية لتك...

Missing character: There is no ه in font [lmroman12-regular]:mapping=tex-text;!
Missing character: There is no ي in font [lmroman12-regular]:mapping=tex-text;!
Missing character: There is no م in font [lmroman12-regular]:mapping=tex-text;!
Missing character: There is no ن in font [lmroman12-regular]:mapping=tex-text;!
Missing character: There is no ص in font [lmroman12-regular]:mapping=tex-text;!
Missing character: There is no ة in font [lmroman12-regular]:mapping=tex-text;!
Missing character: There is no ق in font [lmroman12-regular]:mapping=tex-text;!
Missing character: There is no ا in font [lmroman12-regular]:mapping=tex-text;!
Missing character: There is no ئ in font [lmroman12-regular]:mapping=tex-text;!
Missing character: There is no م in font [lmroman12-regular]:mapping=tex-text;!
Missing character: There is no ة in font [lmroman12-regular]:mapping=tex-text;!
Missing character: There is no ع in font [lmroman12-regular]:mapping=tex-text;!
Missing character: There is no ل in font [lmroman12-regular]:mapping=tex-text;!
Missing character: There is no ى in font [lmroman12-regular]:mapping=tex-text;!
Missing character: There is no ا in font [lmroman12-regular]:mapping=tex-text;!
Missing character: There is no ل in font [lmroman12-regular]:mapping=tex-text;!
Missing character: There is no و in font [lmroman12-regular]:mapping=tex-text;!
Missing character: There is no ي in font [lmroman12-regular]:mapping=tex-text;!
Missing character: There is no ب in font [lmroman12-regular]:mapping=tex-text;!
Missing character: There is no ت in font [lmroman12-regular]:mapping=tex-text;!
Missing character: There is no م in font [lmroman12-regular]:mapping=tex-text;!
Missing character: There is no إ in font [lmroman12-regular]:mapping=tex-text;!
Missing character: There is no ن in font [lmroman12-regular]:mapping=tex-text;!
Missing character: There is no ش in font [lmroman12-regular]:mapping=tex-text;!
Missing character: There is no ا in font [lmroman12-regular]:mapping=tex-text;!
Missing character: There is no ؤ in font [lmroman12-regular]:mapping=tex-text;!
Missing character: There is no ه in font [lmroman12-regular]:mapping=tex-text;!
Missing character: There is no ا in font [lmroman12-regular]:mapping=tex-text;!
Missing character: There is no ل in font [lmroman12-regular]:mapping=tex-text;!
Missing character: There is no ج in font [lmroman12-regular]:mapping=tex-text;!
Missing character: There is no م in font [lmroman12-regular]:mapping=tex-text;!
Missing character: There is no ع in font [lmroman12-regular]:mapping=tex-text;!
Missing character: There is no ت in font [lmroman12-regular]:mapping=tex-text;!
Missing character: There is no و in font [lmroman12-regular]:mapping=tex-text;!
Missing character: There is no ث in font [lmroman12-regular]:mapping=tex-text;!
Missing character: There is no ي in font [lmroman12-regular]:mapping=tex-text;!
Missing character: There is no ق in font [lmroman12-regular]:mapping=tex-text;!
Missing character: There is no ا in font [lmroman12-regular]:mapping=tex-text;!
Missing character: There is no ل in font [lmroman12-regular]:mapping=tex-text;!
Missing character: There is no ب in font [lmroman12-regular]:mapping=tex-text;!
Missing character: There is no ن in font [lmroman12-regular]:mapping=tex-text;!
Missing character: There is no ي in font [lmroman12-regular]:mapping=tex-text;!
Missing character: There is no ة in font [lmroman12-regular]:mapping=tex-text;!
Missing character: There is no ا in font [lmroman12-regular]:mapping=tex-text;!
Missing character: There is no ل in font [lmroman12-regular]:mapping=tex-text;!
Missing character: There is no ت in font [lmroman12-regular]:mapping=tex-text;!
Missing character: There is no ح in font [lmroman12-regular]:mapping=tex-text;!
Missing character: There is no ت in font [lmroman12-regular]:mapping=tex-text;!
Missing character: There is no ي in font [lmroman12-regular]:mapping=tex-text;!
Missing character: There is no ة in font [lmroman12-regular]:mapping=tex-text;!
Missing character: There is no ل in font [lmroman12-regular]:mapping=tex-text;!
Missing character: There is no ت in font [lmroman12-regular]:mapping=tex-text;!
Missing character: There is no ك in font [lmroman12-regular]:mapping=tex-text;!
Missing character: There is no ن in font [lmroman12-regular]:mapping=tex-text;!
Missing character: There is no و in font [lmroman12-regular]:mapping=tex-text;!
Missing character: There is no ل in font [lmroman12-regular]:mapping=tex-text;!
Missing character: There is no و in font [lmroman12-regular]:mapping=tex-text;!
Missing character: There is no ج in font [lmroman12-regular]:mapping=tex-text;!
Missing character: There is no ي in font [lmroman12-regular]:mapping=tex-text;!
Missing character: There is no ا in font [lmroman12-regular]:mapping=tex-text;!
Missing character: There is no ا in font [lmroman12-regular]:mapping=tex-text;!
Missing character: There is no ل in font [lmroman12-regular]:mapping=tex-text;!
Missing character: There is no م in font [lmroman12-regular]:mapping=tex-text;!
Missing character: There is no ع in font [lmroman12-regular]:mapping=tex-text;!
Missing character: There is no ل in font [lmroman12-regular]:mapping=tex-text;!
Missing character: There is no و in font [lmroman12-regular]:mapping=tex-text;!
Missing character: There is no م in font [lmroman12-regular]:mapping=tex-text;!
Missing character: There is no ا in font [lmroman12-regular]:mapping=tex-text;!
Missing character: There is no ت in font [lmroman12-regular]:mapping=tex-text;!
Missing character: There is no و in font [lmroman12-regular]:mapping=tex-text;!
Missing character: There is no إ in font [lmroman12-regular]:mapping=tex-text;!
Missing character: There is no د in font [lmroman12-regular]:mapping=tex-text;!
Missing character: There is no ا in font [lmroman12-regular]:mapping=tex-text;!
Missing character: There is no ر in font [lmroman12-regular]:mapping=tex-text;!
Missing character: There is no ة in font [lmroman12-regular]:mapping=tex-text;!
Missing character: There is no م in font [lmroman12-regular]:mapping=tex-text;!
Missing character: There is no ع in font [lmroman12-regular]:mapping=tex-text;!
Missing character: There is no ا in font [lmroman12-regular]:mapping=tex-text;!
Missing character: There is no ر in font [lmroman12-regular]:mapping=tex-text;!
Missing character: There is no ف in font [lmroman12-regular]:mapping=tex-text;!
Missing character: There is no ا in font [lmroman12-regular]:mapping=tex-text;!
Missing character: There is no ل in font [lmroman12-regular]:mapping=tex-text;!
Missing character: There is no ح in font [lmroman12-regular]:mapping=tex-text;!
Missing character: There is no و in font [lmroman12-regular]:mapping=tex-text;!
Missing character: There is no ا in font [lmroman12-regular]:mapping=tex-text;!
Missing character: There is no د in font [lmroman12-regular]:mapping=tex-text;!
Missing character: There is no ث in font [lmroman12-regular]:mapping=tex-text;!
Missing character: There is no ف in font [lmroman12-regular]:mapping=tex-text;!
Missing character: There is no ي in font [lmroman12-regular]:mapping=tex-text;!
Missing character: There is no م in font [lmroman12-regular]:mapping=tex-text;!
Missing character: There is no س in font [lmroman12-regular]:mapping=tex-text;!
Missing character: There is no ا in font [lmroman12-regular]:mapping=tex-text;!
Missing character: There is no ح in font [lmroman12-regular]:mapping=tex-text;!
Missing character: There is no ة in font [lmroman12-regular]:mapping=tex-text;!
Missing character: There is no ع in font [lmroman12-regular]:mapping=tex-text;!
Missing character: There is no م in font [lmroman12-regular]:mapping=tex-text;!
Missing character: There is no ل in font [lmroman12-regular]:mapping=tex-text;!
Missing character: There is no م in font [lmroman12-regular]:mapping=tex-text;!
Missing character: There is no ح in font [lmroman12-regular]:mapping=tex-text;!
Missing character: There is no ك in font [lmroman12-regular]:mapping=tex-text;!
Missing character: There is no و in font [lmroman12-regular]:mapping=tex-text;!
Missing character: There is no م in font [lmroman12-regular]:mapping=tex-text;!
Missing character: There is no ة in font [lmroman12-regular]:mapping=tex-text;!
Missing character: There is no و in font [lmroman12-regular]:mapping=tex-text;!
Missing character: There is no ا in font [lmroman12-regular]:mapping=tex-text;!
Missing character: There is no ح in font [lmroman12-regular]:mapping=tex-text;!
Missing character: There is no د in font [lmroman12-regular]:mapping=tex-text;!
Missing character: There is no ة in font [lmroman12-regular]:mapping=tex-text;!
Missing character: There is no و in font [lmroman12-regular]:mapping=tex-text;!
Missing character: There is no ه in font [lmroman12-regular]:mapping=tex-text;!
Missing character: There is no ي in font [lmroman12-regular]:mapping=tex-text;!
Missing character: There is no ت in font [lmroman12-regular]:mapping=tex-text;!
Missing character: There is no ع in font [lmroman12-regular]:mapping=tex-text;!
Missing character: There is no ا in font [lmroman12-regular]:mapping=tex-text;!
Missing character: There is no ل in font [lmroman12-regular]:mapping=tex-text;!
Missing character: There is no ج in font [lmroman12-regular]:mapping=tex-text;!
Missing character: There is no ض in font [lmroman12-regular]:mapping=tex-text;!
Missing character: There is no ع in font [lmroman12-regular]:mapping=tex-text;!
Missing character: There is no ف in font [lmroman12-regular]:mapping=tex-text;!
Missing character: There is no ا in font [lmroman12-regular]:mapping=tex-text;!
Missing character: There is no ً in font [lmroman12-regular]:mapping=tex-text;!
Missing character: There is no ت in font [lmroman12-regular]:mapping=tex-text;!
Missing character: There is no ش in font [lmroman12-regular]:mapping=tex-text;!
Missing character: There is no غ in font [lmroman12-regular]:mapping=tex-text;!
Missing character: There is no ي in font [lmroman12-regular]:mapping=tex-text;!
Missing character: There is no ل in font [lmroman12-regular]:mapping=tex-text;!
Missing character: There is no ي in font [lmroman12-regular]:mapping=tex-text;!
Missing character: There is no ا in font [lmroman12-regular]:mapping=tex-text;!
Missing character: There is no ً in font [lmroman12-regular]:mapping=tex-text;!
Missing character: There is no م in font [lmroman12-regular]:mapping=tex-text;!
Missing character: There is no ت in font [lmroman12-regular]:mapping=tex-text;!
Missing character: There is no ك in font [lmroman12-regular]:mapping=tex-text;!
Missing character: There is no ر in font [lmroman12-regular]:mapping=tex-text;!
Missing character: There is no ر in font [lmroman12-regular]:mapping=tex-text;!
Missing character: There is no ا in font [lmroman12-regular]:mapping=tex-text;!
Missing character: There is no ً in font [lmroman12-regular]:mapping=tex-text;!
Missing character: There is no ف in font [lmroman12-regular]:mapping=tex-text;!
Missing character: There is no ي in font [lmroman12-regular]:mapping=tex-text;!
Missing character: There is no ف in font [lmroman12-regular]:mapping=tex-text;!
Missing character: There is no ر in font [lmroman12-regular]:mapping=tex-text;!
Missing character: There is no ي in font [lmroman12-regular]:mapping=tex-text;!
Missing character: There is no ق in font [lmroman12-regular]:mapping=tex-text;!
Missing character: There is no ا in font [lmroman12-regular]:mapping=tex-text;!
Missing character: There is no ل in font [lmroman12-regular]:mapping=tex-text;!
Missing character: There is no د in font [lmroman12-regular]:mapping=tex-text;!
Missing character: There is no ع in font [lmroman12-regular]:mapping=tex-text;!
Missing character: There is no م in font [lmroman12-regular]:mapping=tex-text;!
Missing character: There is no ا in font [lmroman12-regular]:mapping=tex-text;!
Missing character: There is no ل in font [lmroman12-regular]:mapping=tex-text;!
Missing character: There is no م in font [lmroman12-regular]:mapping=tex-text;!
Missing character: There is no ل in font [lmroman12-regular]:mapping=tex-text;!
Missing character: There is no ا in font [lmroman12-regular]:mapping=tex-text;!
Missing character: There is no ح in font [lmroman12-regular]:mapping=tex-text;!
Missing character: There is no ظ in font [lmroman12-regular]:mapping=tex-text;!
Missing character: There is no ا in font [lmroman12-regular]:mapping=tex-text;!
Missing character: There is no ت in font [lmroman12-regular]:mapping=tex-text;!
Missing character: There is no م in font [lmroman12-regular]:mapping=tex-text;!
Missing character: There is no ت in font [lmroman12-regular]:mapping=tex-text;!
Missing character: There is no ن in font [lmroman12-regular]:mapping=tex-text;!
Missing character: There is no ا in font [lmroman12-regular]:mapping=tex-text;!
Missing character: There is no ث in font [lmroman12-regular]:mapping=tex-text;!
Missing character: There is no ر in font [lmroman12-regular]:mapping=tex-text;!
Missing character: There is no ة in font [lmroman12-regular]:mapping=tex-text;!
Missing character: There is no ، in font [lmroman12-regular]:mapping=tex-text;!
Missing character: There is no و in font [lmroman12-regular]:mapping=tex-text;!
Missing character: There is no ا in font [lmroman12-regular]:mapping=tex-text;!
Missing character: There is no س in font [lmroman12-regular]:mapping=tex-text;!
Missing character: There is no ت in font [lmroman12-regular]:mapping=tex-text;!
Missing character: There is no ك in font [lmroman12-regular]:mapping=tex-text;!
Missing character: There is no ش in font [lmroman12-regular]:mapping=tex-text;!
Missing character: There is no ا in font [lmroman12-regular]:mapping=tex-text;!
Missing character: There is no ف in font [lmroman12-regular]:mapping=tex-text;!
Missing character: There is no ا in font [lmroman12-regular]:mapping=tex-text;!
Missing character: There is no ل in font [lmroman12-regular]:mapping=tex-text;!
Missing character: There is no أ in font [lmroman12-regular]:mapping=tex-text;!
Missing character: There is no خ in font [lmroman12-regular]:mapping=tex-text;!
Missing character: There is no ط in font [lmroman12-regular]:mapping=tex-text;!
Missing character: There is no ا in font [lmroman12-regular]:mapping=tex-text;!
Missing character: There is no ء in font [lmroman12-regular]:mapping=tex-text;!
Missing character: There is no م in font [lmroman12-regular]:mapping=tex-text;!
Missing character: There is no ك in font [lmroman12-regular]:mapping=tex-text;!
Missing character: There is no ر in font [lmroman12-regular]:mapping=tex-text;!
Missing character: There is no ر in font [lmroman12-regular]:mapping=tex-text;!
Missing character: There is no ، in font [lmroman12-regular]:mapping=tex-text;!
Missing character: There is no و in font [lmroman12-regular]:mapping=tex-text;!
Missing character: There is no ا in font [lmroman12-regular]:mapping=tex-text;!
Missing character: There is no ل in font [lmroman12-regular]:mapping=tex-text;!
Missing character: There is no ر in font [lmroman12-regular]:mapping=tex-text;!
Missing character: There is no ب in font [lmroman12-regular]:mapping=tex-text;!
Missing character: There is no ط in font [lmroman12-regular]:mapping=tex-text;!
Missing character: There is no ب in font [lmroman12-regular]:mapping=tex-text;!
Missing character: There is no ي in font [lmroman12-regular]:mapping=tex-text;!
Missing character: There is no ن in font [lmroman12-regular]:mapping=tex-text;!
Missing character: There is no ا in font [lmroman12-regular]:mapping=tex-text;!
Missing character: There is no ل in font [lmroman12-regular]:mapping=tex-text;!
Missing character: There is no ح in font [lmroman12-regular]:mapping=tex-text;!
Missing character: There is no ا in font [lmroman12-regular]:mapping=tex-text;!
Missing character: There is no د in font [lmroman12-regular]:mapping=tex-text;!
Missing character: There is no ث in font [lmroman12-regular]:mapping=tex-text;!
Missing character: There is no و in font [lmroman12-regular]:mapping=tex-text;!
Missing character: There is no ا in font [lmroman12-regular]:mapping=tex-text;!
Missing character: There is no ل in font [lmroman12-regular]:mapping=tex-text;!
Missing character: There is no م in font [lmroman12-regular]:mapping=tex-text;!
Missing character: There is no ع in font [lmroman12-regular]:mapping=tex-text;!
Missing character: There is no ر in font [lmroman12-regular]:mapping=tex-text;!
Missing character: There is no ف in font [lmroman12-regular]:mapping=tex-text;!
Missing character: There is no ة in font [lmroman12-regular]:mapping=tex-text;!
Missing character: There is no ا in font [lmroman12-regular]:mapping=tex-text;!
Missing character: There is no ل in font [lmroman12-regular]:mapping=tex-text;!
Missing character: There is no م in font [lmroman12-regular]:mapping=tex-text;!
Missing character: There is no س in font [lmroman12-regular]:mapping=tex-text;!
Missing character: There is no ت in font [lmroman12-regular]:mapping=tex-text;!
Missing character: There is no خ in font [lmroman12-regular]:mapping=tex-text;!
Missing character: There is no د in font [lmroman12-regular]:mapping=tex-text;!
Missing character: There is no م in font [lmroman12-regular]:mapping=tex-text;!
Missing character: There is no ة in font [lmroman12-regular]:mapping=tex-text;!
Missing character: There is no ل in font [lmroman12-regular]:mapping=tex-text;!
Missing character: There is no ح in font [lmroman12-regular]:mapping=tex-text;!
Missing character: There is no ل in font [lmroman12-regular]:mapping=tex-text;!
Missing character: There is no ه in font [lmroman12-regular]:mapping=tex-text;!
Missing character: There is no غ in font [lmroman12-regular]:mapping=tex-text;!
Missing character: There is no ا in font [lmroman12-regular]:mapping=tex-text;!
Missing character: There is no ل in font [lmroman12-regular]:mapping=tex-text;!
Missing character: There is no ب in font [lmroman12-regular]:mapping=tex-text;!
Missing character: There is no ا in font [lmroman12-regular]:mapping=tex-text;!
Missing character: There is no ً in font [lmroman12-regular]:mapping=tex-text;!
Missing character: There is no م in font [lmroman12-regular]:mapping=tex-text;!
Missing character: There is no ا in font [lmroman12-regular]:mapping=tex-text;!
Missing character: There is no ي in font [lmroman12-regular]:mapping=tex-text;!
Missing character: There is no ك in font [lmroman12-regular]:mapping=tex-text;!
Missing character: There is no و in font [lmroman12-regular]:mapping=tex-text;!
Missing character: There is no ن in font [lmroman12-regular]:mapping=tex-text;!
Missing character: There is no م in font [lmroman12-regular]:mapping=tex-text;!
Missing character: There is no ف in font [lmroman12-regular]:mapping=tex-text;!
Missing character: There is no ق in font [lmroman12-regular]:mapping=tex-text;!
Missing character: There is no و in font [lmroman12-regular]:mapping=tex-text;!
Missing character: There is no د in font [lmroman12-regular]:mapping=tex-text;!
Missing character: There is no ا in font [lmroman12-regular]:mapping=tex-text;!
Missing character: There is no ً in font [lmroman12-regular]:mapping=tex-text;!
Missing character: There is no ل in font [lmroman12-regular]:mapping=tex-text;!
Missing character: There is no ت in font [lmroman12-regular]:mapping=tex-text;!
Missing character: There is no ق in font [lmroman12-regular]:mapping=tex-text;!
Missing character: There is no ل in font [lmroman12-regular]:mapping=tex-text;!
Missing character: There is no ي in font [lmroman12-regular]:mapping=tex-text;!
Missing character: There is no ل in font [lmroman12-regular]:mapping=tex-text;!
Missing character: There is no ه in font [lmroman12-regular]:mapping=tex-text;!
Missing character: There is no ذ in font [lmroman12-regular]:mapping=tex-text;!
Missing character: There is no ا in font [lmroman12-regular]:mapping=tex-text;!
Missing character: There is no ا in font [lmroman12-regular]:mapping=tex-text;!
Missing character: There is no ل in font [lmroman12-regular]:mapping=tex-text;!
Missing character: There is no ت in font [lmroman12-regular]:mapping=tex-text;!
Missing character: There is no ج in font [lmroman12-regular]:mapping=tex-text;!
Missing character: There is no ز in font [lmroman12-regular]:mapping=tex-text;!
Missing character: There is no ئ in font [lmroman12-regular]:mapping=tex-text;!
Missing character: There is no ة in font [lmroman12-regular]:mapping=tex-text;!
Missing character: There is no ، in font [lmroman12-regular]:mapping=tex-text;!
Missing character: There is no ي in font [lmroman12-regular]:mapping=tex-text;!
Missing character: There is no ج in font [lmroman12-regular]:mapping=tex-text;!
Missing character: There is no م in font [lmroman12-regular]:mapping=tex-text;!
Missing character: There is no ع in font [lmroman12-regular]:mapping=tex-text;!
Missing character: There is no ا in font [lmroman12-regular]:mapping=tex-text;!
Missing character: There is no ل in font [lmroman12-regular]:mapping=tex-text;!
Missing character: There is no م in font [lmroman12-regular]:mapping=tex-text;!
Missing character: There is no ش in font [lmroman12-regular]:mapping=tex-text;!
Missing character: There is no ر in font [lmroman12-regular]:mapping=tex-text;!
Missing character: There is no و in font [lmroman12-regular]:mapping=tex-text;!
Missing character: There is no ع in font [lmroman12-regular]:mapping=tex-text;!
Missing character: There is no ب in font [lmroman12-regular]:mapping=tex-text;!
Missing character: There is no ي in font [lmroman12-regular]:mapping=tex-text;!
Missing character: There is no ن in font [lmroman12-regular]:mapping=tex-text;!
Missing character: There is no ن in font [lmroman12-regular]:mapping=tex-text;!
Missing character: There is no م in font [lmroman12-regular]:mapping=tex-text;!
Missing character: There is no و in font [lmroman12-regular]:mapping=tex-text;!
Missing character: There is no ذ in font [lmroman12-regular]:mapping=tex-text;!
Missing character: There is no ج in font [lmroman12-regular]:mapping=tex-text;!
Missing character: There is no ب in font [lmroman12-regular]:mapping=tex-text;!
Missing character: There is no ي in font [lmroman12-regular]:mapping=tex-text;!
Missing character: There is no ا in font [lmroman12-regular]:mapping=tex-text;!
Missing character: There is no ن in font [lmroman12-regular]:mapping=tex-text;!
Missing character: There is no ا in font [lmroman12-regular]:mapping=tex-text;!
Missing character: There is no ت in font [lmroman12-regular]:mapping=tex-text;!
Missing character: There is no م in font [lmroman12-regular]:mapping=tex-text;!
Missing character: There is no ن in font [lmroman12-regular]:mapping=tex-text;!
Missing character: There is no ظ in font [lmroman12-regular]:mapping=tex-text;!
Missing character: There is no م in font [lmroman12-regular]:mapping=tex-text;!
Missing character: There is no ، in font [lmroman12-regular]:mapping=tex-text;!
Missing character: There is no و in font [lmroman12-regular]:mapping=tex-text;!
Missing character: There is no ت in font [lmroman12-regular]:mapping=tex-text;!
Missing character: There is no ح in font [lmroman12-regular]:mapping=tex-text;!
Missing character: There is no ك in font [lmroman12-regular]:mapping=tex-text;!
Missing character: There is no م in font [lmroman12-regular]:mapping=tex-text;!
Missing character: There is no ف in font [lmroman12-regular]:mapping=tex-text;!
Missing character: There is no ي in font [lmroman12-regular]:mapping=tex-text;!
Missing character: There is no ا in font [lmroman12-regular]:mapping=tex-text;!
Missing character: There is no ل in font [lmroman12-regular]:mapping=tex-text;!
Missing character: There is no و in font [lmroman12-regular]:mapping=tex-text;!
Missing character: There is no ص in font [lmroman12-regular]:mapping=tex-text;!
Missing character: There is no و in font [lmroman12-regular]:mapping=tex-text;!
Missing character: There is no ل in font [lmroman12-regular]:mapping=tex-text;!
Missing character: There is no ع in font [lmroman12-regular]:mapping=tex-text;!
Missing character: There is no ل in font [lmroman12-regular]:mapping=tex-text;!
Missing character: There is no ى in font [lmroman12-regular]:mapping=tex-text;!
Missing character: There is no أ in font [lmroman12-regular]:mapping=tex-text;!
Missing character: There is no س in font [lmroman12-regular]:mapping=tex-text;!
Missing character: There is no ا in font [lmroman12-regular]:mapping=tex-text;!
Missing character: There is no س in font [lmroman12-regular]:mapping=tex-text;!
Missing character: There is no ا in font [lmroman12-regular]:mapping=tex-text;!
Missing character: There is no ل in font [lmroman12-regular]:mapping=tex-text;!
Missing character: There is no أ in font [lmroman12-regular]:mapping=tex-text;!
Missing character: There is no د in font [lmroman12-regular]:mapping=tex-text;!
Missing character: There is no و in font [lmroman12-regular]:mapping=tex-text;!
Missing character: There is no ا in font [lmroman12-regular]:mapping=tex-text;!
Missing character: There is no ر in font [lmroman12-regular]:mapping=tex-text;!
Missing character: There is no ، in font [lmroman12-regular]:mapping=tex-text;!
Missing character: There is no و in font [lmroman12-regular]:mapping=tex-text;!
Missing character: There is no و in font [lmroman12-regular]:mapping=tex-text;!
Missing character: There is no ا in font [lmroman12-regular]:mapping=tex-text;!
Missing character: There is no ج in font [lmroman12-regular]:mapping=tex-text;!
Missing character: There is no ه in font [lmroman12-regular]:mapping=tex-text;!
Missing character: There is no ة in font [lmroman12-regular]:mapping=tex-text;!
Missing character: There is no م in font [lmroman12-regular]:mapping=tex-text;!
Missing character: There is no س in font [lmroman12-regular]:mapping=tex-text;!
Missing character: There is no ت in font [lmroman12-regular]:mapping=tex-text;!
Missing character: There is no خ in font [lmroman12-regular]:mapping=tex-text;!
Missing character: There is no د in font [lmroman12-regular]:mapping=tex-text;!
Missing character: There is no م in font [lmroman12-regular]:mapping=tex-text;!
Missing character: There is no و in font [lmroman12-regular]:mapping=tex-text;!
Missing character: There is no ا in font [lmroman12-regular]:mapping=tex-text;!
Missing character: There is no ض in font [lmroman12-regular]:mapping=tex-text;!
Missing character: There is no ح in font [lmroman12-regular]:mapping=tex-text;!
Missing character: There is no ة in font [lmroman12-regular]:mapping=tex-text;!
Missing character: There is no ت in font [lmroman12-regular]:mapping=tex-text;!
Missing character: There is no د in font [lmroman12-regular]:mapping=tex-text;!
Missing character: There is no ع in font [lmroman12-regular]:mapping=tex-text;!
Missing character: There is no م in font [lmroman12-regular]:mapping=tex-text;!
Missing character: There is no ت in font [lmroman12-regular]:mapping=tex-text;!
Missing character: There is no س in font [lmroman12-regular]:mapping=tex-text;!
Missing character: There is no ج in font [lmroman12-regular]:mapping=tex-text;!
Missing character: There is no ي in font [lmroman12-regular]:mapping=tex-text;!
Missing character: There is no ل in font [lmroman12-regular]:mapping=tex-text;!
Missing character: There is no ا in font [lmroman12-regular]:mapping=tex-text;!
Missing character: There is no ل in font [lmroman12-regular]:mapping=tex-text;!
Missing character: There is no ح in font [lmroman12-regular]:mapping=tex-text;!
Missing character: There is no و in font [lmroman12-regular]:mapping=tex-text;!
Missing character: There is no ا in font [lmroman12-regular]:mapping=tex-text;!
Missing character: There is no د in font [lmroman12-regular]:mapping=tex-text;!
Missing character: There is no ث in font [lmroman12-regular]:mapping=tex-text;!
Missing character: There is no و in font [lmroman12-regular]:mapping=tex-text;!
Missing character: There is no ص in font [lmroman12-regular]:mapping=tex-text;!
Missing character: There is no ي in font [lmroman12-regular]:mapping=tex-text;!
Missing character: There is no ا in font [lmroman12-regular]:mapping=tex-text;!
Missing character: There is no ن in font [lmroman12-regular]:mapping=tex-text;!
Missing character: There is no ة in font [lmroman12-regular]:mapping=tex-text;!
Missing character: There is no ا in font [lmroman12-regular]:mapping=tex-text;!
Missing character: There is no ل in font [lmroman12-regular]:mapping=tex-text;!
Missing character: There is no م in font [lmroman12-regular]:mapping=tex-text;!
Missing character: There is no س in font [lmroman12-regular]:mapping=tex-text;!
Missing character: There is no ت in font [lmroman12-regular]:mapping=tex-text;!
Missing character: There is no ن in font [lmroman12-regular]:mapping=tex-text;!
Missing character: There is no د in font [lmroman12-regular]:mapping=tex-text;!
Missing character: There is no ا in font [lmroman12-regular]:mapping=tex-text;!
Missing character: There is no ت in font [lmroman12-regular]:mapping=tex-text;!
Missing character: There is no و in font [lmroman12-regular]:mapping=tex-text;!
Missing character: There is no ا in font [lmroman12-regular]:mapping=tex-text;!
Missing character: There is no ل in font [lmroman12-regular]:mapping=tex-text;!
Missing character: There is no م in font [lmroman12-regular]:mapping=tex-text;!
Missing character: There is no ع in font [lmroman12-regular]:mapping=tex-text;!
Missing character: There is no ر in font [lmroman12-regular]:mapping=tex-text;!
Missing character: There is no ف in font [lmroman12-regular]:mapping=tex-text;!
Missing character: There is no ة in font [lmroman12-regular]:mapping=tex-text;!
Missing character: There is no ا in font [lmroman12-regular]:mapping=tex-text;!
Missing character: There is no ل in font [lmroman12-regular]:mapping=tex-text;!
Missing character: There is no ت in font [lmroman12-regular]:mapping=tex-text;!
Missing character: There is no ق in font [lmroman12-regular]:mapping=tex-text;!
Missing character: There is no ن in font [lmroman12-regular]:mapping=tex-text;!
Missing character: There is no ي in font [lmroman12-regular]:mapping=tex-text;!
Missing character: There is no ة in font [lmroman12-regular]:mapping=tex-text;!
Missing character: There is no ا in font [lmroman12-regular]:mapping=tex-text;!
Missing character: There is no ل in font [lmroman12-regular]:mapping=tex-text;!
Missing character: There is no ق in font [lmroman12-regular]:mapping=tex-text;!
Missing character: There is no ا in font [lmroman12-regular]:mapping=tex-text;!
Missing character: There is no ب in font [lmroman12-regular]:mapping=tex-text;!
Missing character: There is no ل in font [lmroman12-regular]:mapping=tex-text;!
Missing character: There is no ة in font [lmroman12-regular]:mapping=tex-text;!
Missing character: There is no ل in font [lmroman12-regular]:mapping=tex-text;!
Missing character: There is no إ in font [lmroman12-regular]:mapping=tex-text;!
Missing character: There is no ع in font [lmroman12-regular]:mapping=tex-text;!
Missing character: There is no ا in font [lmroman12-regular]:mapping=tex-text;!
Missing character: There is no د in font [lmroman12-regular]:mapping=tex-text;!
Missing character: There is no ة in font [lmroman12-regular]:mapping=tex-text;!
Missing character: There is no ا in font [lmroman12-regular]:mapping=tex-text;!
Missing character: There is no ل in font [lmroman12-regular]:mapping=tex-text;!
Missing character: There is no ا in font [lmroman12-regular]:mapping=tex-text;!
Missing character: There is no س in font [lmroman12-regular]:mapping=tex-text;!
Missing character: There is no ت in font [lmroman12-regular]:mapping=tex-text;!
Missing character: There is no خ in font [lmroman12-regular]:mapping=tex-text;!
Missing character: There is no د in font [lmroman12-regular]:mapping=tex-text;!
Missing character: There is no ا in font [lmroman12-regular]:mapping=tex-text;!
Missing character: There is no م in font [lmroman12-regular]:mapping=tex-text;!
Missing character: There is no ي in font [lmroman12-regular]:mapping=tex-text;!
Missing character: There is no ت in font [lmroman12-regular]:mapping=tex-text;!
Missing character: There is no م in font [lmroman12-regular]:mapping=tex-text;!
Missing character: There is no ت in font [lmroman12-regular]:mapping=tex-text;!
Missing character: There is no ن in font [lmroman12-regular]:mapping=tex-text;!
Missing character: There is no ف in font [lmroman12-regular]:mapping=tex-text;!
Missing character: There is no ي in font [lmroman12-regular]:mapping=tex-text;!
Missing character: There is no ذ in font [lmroman12-regular]:mapping=tex-text;!
Missing character: There is no ا in font [lmroman12-regular]:mapping=tex-text;!
Missing character: There is no ل in font [lmroman12-regular]:mapping=tex-text;!
Missing character: There is no ت in font [lmroman12-regular]:mapping=tex-text;!
Missing character: There is no ط in font [lmroman12-regular]:mapping=tex-text;!
Missing character: There is no ب in font [lmroman12-regular]:mapping=tex-text;!
Missing character: There is no ي in font [lmroman12-regular]:mapping=tex-text;!
Missing character: There is no ق in font [lmroman12-regular]:mapping=tex-text;!
Missing character: There is no ك in font [lmroman12-regular]:mapping=tex-text;!
Missing character: There is no ن in font [lmroman12-regular]:mapping=tex-text;!
Missing character: There is no ظ in font [lmroman12-regular]:mapping=tex-text;!
Missing character: There is no ا in font [lmroman12-regular]:mapping=tex-text;!
Missing character: There is no م in font [lmroman12-regular]:mapping=tex-text;!
Missing character: There is no م in font [lmroman12-regular]:mapping=tex-text;!
Missing character: There is no ت in font [lmroman12-regular]:mapping=tex-text;!
Missing character: There is no ك in font [lmroman12-regular]:mapping=tex-text;!
Missing character: There is no ا in font [lmroman12-regular]:mapping=tex-text;!
Missing character: There is no م in font [lmroman12-regular]:mapping=tex-text;!
Missing character: There is no ل in font [lmroman12-regular]:mapping=tex-text;!
Missing character: There is no م in font [lmroman12-regular]:mapping=tex-text;!
Missing character: There is no ع in font [lmroman12-regular]:mapping=tex-text;!
Missing character: There is no و in font [lmroman12-regular]:mapping=tex-text;!
Missing character: There is no ا in font [lmroman12-regular]:mapping=tex-text;!
Missing character: There is no ج in font [lmroman12-regular]:mapping=tex-text;!
Missing character: There is no ه in font [lmroman12-regular]:mapping=tex-text;!
Missing character: There is no ة in font [lmroman12-regular]:mapping=tex-text;!
Missing character: There is no أ in font [lmroman12-regular]:mapping=tex-text;!
Missing character: There is no م in font [lmroman12-regular]:mapping=tex-text;!
Missing character: There is no ا in font [lmroman12-regular]:mapping=tex-text;!
Missing character: There is no م in font [lmroman12-regular]:mapping=tex-text;!
Missing character: There is no ي in font [lmroman12-regular]:mapping=tex-text;!
Missing character: There is no ة in font [lmroman12-regular]:mapping=tex-text;!
Missing character: There is no م in font [lmroman12-regular]:mapping=tex-text;!
Missing character: There is no ن in font [lmroman12-regular]:mapping=tex-text;!
Missing character: There is no ف in font [lmroman12-regular]:mapping=tex-text;!
Missing character: There is no ص in font [lmroman12-regular]:mapping=tex-text;!
Missing character: There is no ل in font [lmroman12-regular]:mapping=tex-text;!
Missing character: There is no ة in font [lmroman12-regular]:mapping=tex-text;!
Missing character: There is no و in font [lmroman12-regular]:mapping=tex-text;!
Missing character: There is no و in font [lmroman12-regular]:mapping=tex-text;!
Missing character: There is no ا in font [lmroman12-regular]:mapping=tex-text;!
Missing character: There is no ج in font [lmroman12-regular]:mapping=tex-text;!
Missing character: There is no ه in font [lmroman12-regular]:mapping=tex-text;!
Missing character: There is no ة in font [lmroman12-regular]:mapping=tex-text;!
Missing character: There is no ب in font [lmroman12-regular]:mapping=tex-text;!
Missing character: There is no ر in font [lmroman12-regular]:mapping=tex-text;!
Missing character: There is no م in font [lmroman12-regular]:mapping=tex-text;!
Missing character: There is no ج in font [lmroman12-regular]:mapping=tex-text;!
Missing character: There is no ي in font [lmroman12-regular]:mapping=tex-text;!
Missing character: There is no ة in font [lmroman12-regular]:mapping=tex-text;!
Missing character: There is no خ in font [lmroman12-regular]:mapping=tex-text;!
Missing character: There is no ل in font [lmroman12-regular]:mapping=tex-text;!
Missing character: There is no ف in font [lmroman12-regular]:mapping=tex-text;!
Missing character: There is no ي in font [lmroman12-regular]:mapping=tex-text;!
Missing character: There is no ة in font [lmroman12-regular]:mapping=tex-text;!
Missing character: There is no و in font [lmroman12-regular]:mapping=tex-text;!
Missing character: There is no ق in font [lmroman12-regular]:mapping=tex-text;!
Missing character: There is no ا in font [lmroman12-regular]:mapping=tex-text;!
Missing character: There is no ع in font [lmroman12-regular]:mapping=tex-text;!
Missing character: There is no د in font [lmroman12-regular]:mapping=tex-text;!
Missing character: There is no ة in font [lmroman12-regular]:mapping=tex-text;!
Missing character: There is no ب in font [lmroman12-regular]:mapping=tex-text;!
Missing character: There is no ي in font [lmroman12-regular]:mapping=tex-text;!
Missing character: There is no ا in font [lmroman12-regular]:mapping=tex-text;!
Missing character: There is no ن in font [lmroman12-regular]:mapping=tex-text;!
Missing character: There is no ا in font [lmroman12-regular]:mapping=tex-text;!
Missing character: There is no ت in font [lmroman12-regular]:mapping=tex-text;!
Missing character: There is no ع in font [lmroman12-regular]:mapping=tex-text;!
Missing character: There is no ل in font [lmroman12-regular]:mapping=tex-text;!
Missing character: There is no ا in font [lmroman12-regular]:mapping=tex-text;!
Missing character: There is no ئ in font [lmroman12-regular]:mapping=tex-text;!
Missing character: There is no ق in font [lmroman12-regular]:mapping=tex-text;!
Missing character: There is no ي in font [lmroman12-regular]:mapping=tex-text;!
Missing character: There is no ة in font [lmroman12-regular]:mapping=tex-text;!
Missing character: There is no ، in font [lmroman12-regular]:mapping=tex-text;!
Missing character: There is no م in font [lmroman12-regular]:mapping=tex-text;!
Missing character: There is no م in font [lmroman12-regular]:mapping=tex-text;!
Missing character: There is no ا in font [lmroman12-regular]:mapping=tex-text;!
Missing character: There is no ي in font [lmroman12-regular]:mapping=tex-text;!
Missing character: There is no ج in font [lmroman12-regular]:mapping=tex-text;!
Missing character: There is no ع in font [lmroman12-regular]:mapping=tex-text;!
Missing character: There is no ل in font [lmroman12-regular]:mapping=tex-text;!
Missing character: There is no ه in font [lmroman12-regular]:mapping=tex-text;!
Missing character: There is no ا in font [lmroman12-regular]:mapping=tex-text;!
Missing character: There is no ل in font [lmroman12-regular]:mapping=tex-text;!
Missing character: There is no خ in font [lmroman12-regular]:mapping=tex-text;!
Missing character: There is no ي in font [lmroman12-regular]:mapping=tex-text;!
Missing character: There is no ا in font [lmroman12-regular]:mapping=tex-text;!
Missing character: There is no ر in font [lmroman12-regular]:mapping=tex-text;!
Missing character: There is no ا in font [lmroman12-regular]:mapping=tex-text;!
Missing character: There is no ل in font [lmroman12-regular]:mapping=tex-text;!
Missing character: There is no أ in font [lmroman12-regular]:mapping=tex-text;!
Missing character: There is no ف in font [lmroman12-regular]:mapping=tex-text;!
Missing character: There is no ض in font [lmroman12-regular]:mapping=tex-text;!
Missing character: There is no ل in font [lmroman12-regular]:mapping=tex-text;!
Missing character: There is no ل in font [lmroman12-regular]:mapping=tex-text;!
Missing character: There is no ل in font [lmroman12-regular]:mapping=tex-text;!
Missing character: There is no ف in font [lmroman12-regular]:mapping=tex-text;!
Missing character: There is no ر in font [lmroman12-regular]:mapping=tex-text;!
Missing character: There is no ق in font [lmroman12-regular]:mapping=tex-text;!
Missing character: There is no ا in font [lmroman12-regular]:mapping=tex-text;!
Missing character: There is no ل in font [lmroman12-regular]:mapping=tex-text;!
Missing character: There is no ت in font [lmroman12-regular]:mapping=tex-text;!
Missing character: There is no ي in font [lmroman12-regular]:mapping=tex-text;!
Missing character: There is no ت in font [lmroman12-regular]:mapping=tex-text;!
Missing character: There is no ح in font [lmroman12-regular]:mapping=tex-text;!
Missing character: There is no ت in font [lmroman12-regular]:mapping=tex-text;!
Missing character: There is no ا in font [lmroman12-regular]:mapping=tex-text;!
Missing character: There is no ج in font [lmroman12-regular]:mapping=tex-text;!
Missing character: There is no إ in font [lmroman12-regular]:mapping=tex-text;!
Missing character: There is no ل in font [lmroman12-regular]:mapping=tex-text;!
Missing character: There is no ى in font [lmroman12-regular]:mapping=tex-text;!
Missing character: There is no ب in font [lmroman12-regular]:mapping=tex-text;!
Missing character: There is no ي in font [lmroman12-regular]:mapping=tex-text;!
Missing character: There is no ئ in font [lmroman12-regular]:mapping=tex-text;!
Missing character: There is no ة in font [lmroman12-regular]:mapping=tex-text;!
Missing character: There is no ت in font [lmroman12-regular]:mapping=tex-text;!
Missing character: There is no و in font [lmroman12-regular]:mapping=tex-text;!
Missing character: There is no ث in font [lmroman12-regular]:mapping=tex-text;!
Missing character: There is no ي in font [lmroman12-regular]:mapping=tex-text;!
Missing character: There is no ق in font [lmroman12-regular]:mapping=tex-text;!
Missing character: There is no خ in font [lmroman12-regular]:mapping=tex-text;!
Missing character: There is no ف in font [lmroman12-regular]:mapping=tex-text;!
Missing character: There is no ي in font [lmroman12-regular]:mapping=tex-text;!
Missing character: There is no ف in font [lmroman12-regular]:mapping=tex-text;!
Missing character: There is no ة in font [lmroman12-regular]:mapping=tex-text;!
Missing character: There is no ا in font [lmroman12-regular]:mapping=tex-text;!
Missing character: There is no ل in font [lmroman12-regular]:mapping=tex-text;!
Missing character: There is no و in font [lmroman12-regular]:mapping=tex-text;!
Missing character: There is no ز in font [lmroman12-regular]:mapping=tex-text;!
Missing character: There is no ن in font [lmroman12-regular]:mapping=tex-text;!
Missing character: There is no ل in font [lmroman12-regular]:mapping=tex-text;!
Missing character: There is no ك in font [lmroman12-regular]:mapping=tex-text;!
Missing character: There is no ن in font [lmroman12-regular]:mapping=tex-text;!
Missing character: There is no م in font [lmroman12-regular]:mapping=tex-text;!
Missing character: There is no ن in font [lmroman12-regular]:mapping=tex-text;!
Missing character: There is no ض in font [lmroman12-regular]:mapping=tex-text;!
Missing character: There is no ب in font [lmroman12-regular]:mapping=tex-text;!
Missing character: There is no ط in font [lmroman12-regular]:mapping=tex-text;!
Missing character: There is no ة in font [lmroman12-regular]:mapping=tex-text;!
Missing character: There is no ا in font [lmroman12-bold]:mapping=tex-text;!
Missing character: There is no ل in font [lmroman12-bold]:mapping=tex-text;!
Missing character: There is no ك in font [lmroman12-bold]:mapping=tex-text;!
Missing character: There is no ل in font [lmroman12-bold]:mapping=tex-text;!
Missing character: There is no م in font [lmroman12-bold]:mapping=tex-text;!
Missing character: There is no ا in font [lmroman12-bold]:mapping=tex-text;!
Missing character: There is no ت in font [lmroman12-bold]:mapping=tex-text;!
Missing character: There is no ا in font [lmroman12-bold]:mapping=tex-text;!
Missing character: There is no ل in font [lmroman12-bold]:mapping=tex-text;!
Missing character: There is no م in font [lmroman12-bold]:mapping=tex-text;!
Missing character: There is no ف in font [lmroman12-bold]:mapping=tex-text;!
Missing character: There is no ت in font [lmroman12-bold]:mapping=tex-text;!
Missing character: There is no ا in font [lmroman12-bold]:mapping=tex-text;!
Missing character: There is no ح in font [lmroman12-bold]:mapping=tex-text;!
Missing character: There is no ي in font [lmroman12-bold]:mapping=tex-text;!
Missing character: There is no ة in font [lmroman12-bold]:mapping=tex-text;!
Missing character: There is no ت in font [lmroman12-regular]:mapping=tex-text;!
Missing character: There is no و in font [lmroman12-regular]:mapping=tex-text;!
Missing character: There is no ث in font [lmroman12-regular]:mapping=tex-text;!
Missing character: There is no ي in font [lmroman12-regular]:mapping=tex-text;!
Missing character: There is no ق in font [lmroman12-regular]:mapping=tex-text;!
Missing character: There is no ا in font [lmroman12-regular]:mapping=tex-text;!
Missing character: There is no ل in font [lmroman12-regular]:mapping=tex-text;!
Missing character: There is no ب in font [lmroman12-regular]:mapping=tex-text;!
Missing character: There is no ن in font [lmroman12-regular]:mapping=tex-text;!
Missing character: There is no ي in font [lmroman12-regular]:mapping=tex-text;!
Missing character: There is no ة in font [lmroman12-regular]:mapping=tex-text;!
Missing character: There is no ا in font [lmroman12-regular]:mapping=tex-text;!
Missing character: There is no ل in font [lmroman12-regular]:mapping=tex-text;!
Missing character: There is no ت in font [lmroman12-regular]:mapping=tex-text;!
Missing character: There is no ح in font [lmroman12-regular]:mapping=tex-text;!
Missing character: There is no ت in font [lmroman12-regular]:mapping=tex-text;!
Missing character: There is no ي in font [lmroman12-regular]:mapping=tex-text;!
Missing character: There is no ة in font [lmroman12-regular]:mapping=tex-text;!
Missing character: There is no ل in font [lmroman12-regular]:mapping=tex-text;!
Missing character: There is no ت in font [lmroman12-regular]:mapping=tex-text;!
Missing character: There is no ك in font [lmroman12-regular]:mapping=tex-text;!
Missing character: There is no ن in font [lmroman12-regular]:mapping=tex-text;!
Missing character: There is no و in font [lmroman12-regular]:mapping=tex-text;!
Missing character: There is no ل in font [lmroman12-regular]:mapping=tex-text;!
Missing character: There is no و in font [lmroman12-regular]:mapping=tex-text;!
Missing character: There is no ج in font [lmroman12-regular]:mapping=tex-text;!
Missing character: There is no ي in font [lmroman12-regular]:mapping=tex-text;!
Missing character: There is no ا in font [lmroman12-regular]:mapping=tex-text;!
Missing character: There is no ا in font [lmroman12-regular]:mapping=tex-text;!
Missing character: There is no ل in font [lmroman12-regular]:mapping=tex-text;!
Missing character: There is no م in font [lmroman12-regular]:mapping=tex-text;!
Missing character: There is no ع in font [lmroman12-regular]:mapping=tex-text;!
Missing character: There is no ل in font [lmroman12-regular]:mapping=tex-text;!
Missing character: There is no و in font [lmroman12-regular]:mapping=tex-text;!
Missing character: There is no م in font [lmroman12-regular]:mapping=tex-text;!
Missing character: There is no ا in font [lmroman12-regular]:mapping=tex-text;!
Missing character: There is no ت in font [lmroman12-regular]:mapping=tex-text;!
Missing character: There is no ، in font [lmroman12-regular]:mapping=tex-text;!
Missing character: There is no إ in font [lmroman12-regular]:mapping=tex-text;!
Missing character: There is no د in font [lmroman12-regular]:mapping=tex-text;!
Missing character: There is no ا in font [lmroman12-regular]:mapping=tex-text;!
Missing character: There is no ر in font [lmroman12-regular]:mapping=tex-text;!
Missing character: There is no ة in font [lmroman12-regular]:mapping=tex-text;!
Missing character: There is no ا in font [lmroman12-regular]:mapping=tex-text;!
Missing character: There is no ل in font [lmroman12-regular]:mapping=tex-text;!
Missing character: There is no ح in font [lmroman12-regular]:mapping=tex-text;!
Missing character: There is no و in font [lmroman12-regular]:mapping=tex-text;!
Missing character: There is no ا in font [lmroman12-regular]:mapping=tex-text;!
Missing character: There is no د in font [lmroman12-regular]:mapping=tex-text;!
Missing character: There is no ث in font [lmroman12-regular]:mapping=tex-text;!
Missing character: There is no ، in font [lmroman12-regular]:mapping=tex-text;!
Missing character: There is no إ in font [lmroman12-regular]:mapping=tex-text;!
Missing character: There is no د in font [lmroman12-regular]:mapping=tex-text;!
Missing character: There is no ا in font [lmroman12-regular]:mapping=tex-text;!
Missing character: There is no ر in font [lmroman12-regular]:mapping=tex-text;!
Missing character: There is no ة in font [lmroman12-regular]:mapping=tex-text;!
Missing character: There is no ا in font [lmroman12-regular]:mapping=tex-text;!
Missing character: There is no ل in font [lmroman12-regular]:mapping=tex-text;!
Missing character: There is no م in font [lmroman12-regular]:mapping=tex-text;!
Missing character: There is no ع in font [lmroman12-regular]:mapping=tex-text;!
Missing character: There is no ا in font [lmroman12-regular]:mapping=tex-text;!
Missing character: There is no ر in font [lmroman12-regular]:mapping=tex-text;!
Missing character: There is no ف in font [lmroman12-regular]:mapping=tex-text;!
Missing character: There is no ، in font [lmroman12-regular]:mapping=tex-text;!
Missing character: There is no م in font [lmroman12-regular]:mapping=tex-text;!
Missing character: There is no ن in font [lmroman12-regular]:mapping=tex-text;!
Missing character: There is no ص in font [lmroman12-regular]:mapping=tex-text;!
Missing character: There is no ة in font [lmroman12-regular]:mapping=tex-text;!
Missing character: There is no ا in font [lmroman12-regular]:mapping=tex-text;!
Missing character: There is no ل in font [lmroman12-regular]:mapping=tex-text;!
Missing character: There is no ت in font [lmroman12-regular]:mapping=tex-text;!
Missing character: There is no و in font [lmroman12-regular]:mapping=tex-text;!
Missing character: There is no ث in font [lmroman12-regular]:mapping=tex-text;!
Missing character: There is no ي in font [lmroman12-regular]:mapping=tex-text;!
Missing character: There is no ق in font [lmroman12-regular]:mapping=tex-text;!
Missing character: There is no ، in font [lmroman12-regular]:mapping=tex-text;!
Missing character: There is no ا in font [lmroman12-regular]:mapping=tex-text;!
Missing character: There is no ل in font [lmroman12-regular]:mapping=tex-text;!
Missing character: There is no ت in font [lmroman12-regular]:mapping=tex-text;!
Missing character: There is no ح in font [lmroman12-regular]:mapping=tex-text;!
Missing character: There is no ك in font [lmroman12-regular]:mapping=tex-text;!
Missing character: There is no م in font [lmroman12-regular]:mapping=tex-text;!
Missing character: There is no ف in font [lmroman12-regular]:mapping=tex-text;!
Missing character: There is no ي in font [lmroman12-regular]:mapping=tex-text;!
Missing character: There is no ا in font [lmroman12-regular]:mapping=tex-text;!
Missing character: There is no ل in font [lmroman12-regular]:mapping=tex-text;!
Missing character: There is no و in font [lmroman12-regular]:mapping=tex-text;!
Missing character: There is no ص in font [lmroman12-regular]:mapping=tex-text;!
Missing character: There is no و in font [lmroman12-regular]:mapping=tex-text;!
Missing character: There is no ل in font [lmroman12-regular]:mapping=tex-text;!
Missing character: There is no ع in font [lmroman12-regular]:mapping=tex-text;!
Missing character: There is no ل in font [lmroman12-regular]:mapping=tex-text;!
Missing character: There is no ى in font [lmroman12-regular]:mapping=tex-text;!
Missing character: There is no أ in font [lmroman12-regular]:mapping=tex-text;!
Missing character: There is no س in font [lmroman12-regular]:mapping=tex-text;!
Missing character: There is no ا in font [lmroman12-regular]:mapping=tex-text;!
Missing character: There is no س in font [lmroman12-regular]:mapping=tex-text;!
Missing character: There is no ا in font [lmroman12-regular]:mapping=tex-text;!
Missing character: There is no ل in font [lmroman12-regular]:mapping=tex-text;!
Missing character: There is no أ in font [lmroman12-regular]:mapping=tex-text;!
Missing character: There is no د in font [lmroman12-regular]:mapping=tex-text;!
Missing character: There is no و in font [lmroman12-regular]:mapping=tex-text;!
Missing character: There is no ا in font [lmroman12-regular]:mapping=tex-text;!
Missing character: There is no ر in font [lmroman12-regular]:mapping=tex-text;!
[5] [6]
No file main.toc.
[7]
No file main.lof.
[8]
No file main.lot.
[9] [1] (chapters/chapter1.tex
Chapter 1.

LaTeX Warning: Reference `fig:sntf-logo' on page 2 undefined on input line 9.

[2] [3] [4] [5] [6] [7]) [8] (chapters/chapter2.tex
Chapter 2.

LaTeX Warning: Citation `servicenow_itsm' on page 9 undefined on input line 10.



LaTeX Warning: Citation `jira_service_management' on page 9 undefined on input 
line 10.


LaTeX Warning: Citation `confluence_docs' on page 9 undefined on input line 10.



LaTeX Warning: Citation `glpi' on page 9 undefined on input line 10.


LaTeX Warning: Citation `bookstack' on page 9 undefined on input line 10.


LaTeX Warning: Citation `notion' on page 9 undefined on input line 10.


LaTeX Warning: Citation `sharepoint' on page 9 undefined on input line 10.


LaTeX Warning: Citation `itglue' on page 9 undefined on input line 10.

[9] (C:\Program Files\MiKTeX\tex/latex/lm\ot1lmr.fd)
(C:\Program Files\MiKTeX\tex/latex/lm\omllmm.fd)
(C:\Program Files\MiKTeX\tex/latex/lm\omslmsy.fd)
(C:\Program Files\MiKTeX\tex/latex/lm\omxlmex.fd)
(C:\Program Files\MiKTeX\tex/latex/amsfonts\umsa.fd)
(C:\Program Files\MiKTeX\tex/latex/amsfonts\umsb.fd) [10] [11]) [12]
(chapters/chapter3.tex
Chapter 3.

LaTeX Warning: Citation `laudon_mis' on page 13 undefined on input line 8.


LaTeX Warning: Citation `pressman' on page 13 undefined on input line 8.

[13]

LaTeX Warning: Citation `itil4' on page 14 undefined on input line 11.


LaTeX Warning: Citation `km' on page 14 undefined on input line 11.


LaTeX Warning: Reference `tab:it-doc-impact' on page 14 undefined on input line
 13.


LaTeX Warning: Reference `fig:data-to-knowledge-chain' on page 14 undefined on 
input line 35.

[14]

LaTeX Warning: Citation `davenport_prusak' on page 15 undefined on input line 5
5.


LaTeX Warning: Citation `nonaka_konno' on page 15 undefined on input line 55.


LaTeX Warning: Citation `km' on page 15 undefined on input line 55.

[15]

LaTeX Warning: Citation `itil4' on page 16 undefined on input line 65.


LaTeX Warning: Citation `iso20000' on page 16 undefined on input line 65.


LaTeX Warning: Citation `atlassian_incident' on page 16 undefined on input line
 65.


LaTeX Warning: Reference `fig:incident-flow' on page 16 undefined on input line
 67.

[16]

LaTeX Warning: Reference `fig:mapit-class-diagram' on page 17 undefined on inpu
t line 92.

[17]

LaTeX Warning: Citation `microsoft_rbac' on page 18 undefined on input line 102
.

) [18] [19] [20] (chapters/chapter4.tex
Chapter 4.
[21]

LaTeX Warning: Reference `fig:architecture-mapit' on page 22 undefined on input
 line 18.

[22] [23]) [24] (chapters/chapter5.tex
Chapter 5.

LaTeX Warning: Reference `fig:use-case-mapit' on page 25 undefined on input lin
e 9.

[25] [26]

LaTeX Warning: Reference `fig:seq-auth' on page 27 undefined on input line 24.

[27]

LaTeX Warning: Reference `fig:seq-auth-advanced' on page 28 undefined on input 
line 33.

[28] [29]

LaTeX Warning: Reference `fig:seq-incident' on page 30 undefined on input line 
48.


LaTeX Warning: Reference `fig:seq-search' on page 30 undefined on input line 57
.

[30]

LaTeX Warning: Reference `fig:class-mapit' on page 31 undefined on input line 6
9.

[31] [32]

LaTeX Warning: Reference `fig:activity-rbac' on page 33 undefined on input line
 91.

[33]) [34] (chapters/chapter6.tex
Chapter 6.
[35] [36]

LaTeX Warning: Reference `fig:ui-login' on page 37 undefined on input line 41.

[37]

LaTeX Warning: Reference `fig:ui-access-control' on page 38 undefined on input 
line 61.

[38]

LaTeX Warning: Reference `fig:ui-audit-logs' on page 39 undefined on input line
 83.

[39] [40] [41] [42] [43] [44] [45]

LaTeX Warning: Reference `tab:mapit-tools-workflow' on page 46 undefined on inp
ut line 188.

[46]) [47] (chapters/conclusion.tex) [48] (main.bbl [49]) [50] (main.aux
(chapters/chapter1.aux) (chapters/chapter2.aux) (chapters/chapter3.aux)
(chapters/chapter4.aux) (chapters/chapter5.aux) (chapters/chapter6.aux)
(chapters/conclusion.aux))miktex-dvipdfmx: major issue: So far, no MiKTeX administrator has checked for updates.


LaTeX Warning: There were undefined references.


LaTeX Warning: Label(s) may have changed. Rerun to get cross-references right.


Package rerunfilecheck Warning: File `main.out' has changed.
(rerunfilecheck)                Rerun to get outlines right
(rerunfilecheck)                or use package `bookmark'.

 )
(see the transcript file for additional information)
Output written on main.pdf (60 pages).
SyncTeX written on main.synctex.gz.
Transcript written on main.log.
xelatex: major issue: So far, no MiKTeX administrator has checked for updates.
