\BOOKMARK [0][-]{chapter*.1}{\376\377\000D\000e\000d\000i\000c\000a\000t\000i\000o\000n}{}% 1
\BOOKMARK [0][-]{chapter*.2}{\376\377\000A\000b\000s\000t\000r\000a\000c\000t}{}% 2
\BOOKMARK [0][-]{chapter*.3}{\376\377\000A\000c\000k\000n\000o\000w\000l\000e\000d\000g\000e\000m\000e\000n\000t\000s}{}% 3
\BOOKMARK [0][-]{chapter*.4}{\376\377\000L\000i\000s\000t\000\040\000o\000f\000\040\000F\000i\000g\000u\000r\000e\000s}{}% 4
\BOOKMARK [0][-]{chapter*.5}{\376\377\000L\000i\000s\000t\000\040\000o\000f\000\040\000T\000a\000b\000l\000e\000s}{}% 5
\BOOKMARK [0][-]{chapter*.7}{\376\377\000L\000i\000s\000t\000\040\000o\000f\000\040\000A\000b\000b\000r\000e\000v\000i\000a\000t\000i\000o\000n\000s}{}% 6
\BOOKMARK [-1][-]{part.1}{\376\377\000I\000\040\000T\000h\000e\000o\000r\000e\000t\000i\000c\000a\000l\000\040\000P\000a\000r\000t}{}% 7
\BOOKMARK [0][-]{chapter.1}{\376\377\000G\000e\000n\000e\000r\000a\000l\000\040\000C\000o\000n\000t\000e\000x\000t\000\040\000a\000n\000d\000\040\000I\000n\000t\000r\000o\000d\000u\000c\000t\000i\000o\000n}{part.1}% 8
\BOOKMARK [1][-]{section.1.1}{\376\377\000I\000n\000t\000r\000o\000d\000u\000c\000t\000i\000o\000n}{chapter.1}% 9
\BOOKMARK [1][-]{section.1.2}{\376\377\000H\000o\000s\000t\000\040\000O\000r\000g\000a\000n\000i\000z\000a\000t\000i\000o\000n\000:\000\040\000S\000N\000T\000F}{chapter.1}% 10
\BOOKMARK [2][-]{subsection.1.2.1}{\376\377\000S\000h\000o\000r\000t\000\040\000p\000r\000e\000s\000e\000n\000t\000a\000t\000i\000o\000n}{section.1.2}% 11
\BOOKMARK [2][-]{subsection.1.2.2}{\376\377\000V\000i\000s\000u\000a\000l\000\040\000i\000d\000e\000n\000t\000i\000t\000y}{section.1.2}% 12
\BOOKMARK [2][-]{subsection.1.2.3}{\376\377\000D\000S\000I\000\040\000o\000r\000g\000a\000n\000i\000g\000r\000a\000m\000m\000e}{section.1.2}% 13
\BOOKMARK [2][-]{subsection.1.2.4}{\376\377\000W\000h\000y\000\040\000S\000N\000T\000F\000\040\000i\000s\000\040\000r\000e\000l\000e\000v\000a\000n\000t\000\040\000t\000o\000\040\000M\000a\000p\000I\000T}{section.1.2}% 14
\BOOKMARK [1][-]{section.1.3}{\376\377\000G\000e\000n\000e\000r\000a\000l\000\040\000C\000o\000n\000t\000e\000x\000t}{chapter.1}% 15
\BOOKMARK [1][-]{section.1.4}{\376\377\000P\000r\000o\000b\000l\000e\000m\000\040\000S\000t\000a\000t\000e\000m\000e\000n\000t}{chapter.1}% 16
\BOOKMARK [2][-]{subsection.1.4.1}{\376\377\000T\000h\000e\000\040\000o\000p\000e\000r\000a\000t\000i\000o\000n\000a\000l\000\040\000g\000a\000p}{section.1.4}% 17
\BOOKMARK [2][-]{subsection.1.4.2}{\376\377\000W\000h\000y\000\040\000t\000h\000e\000\040\000g\000a\000p\000\040\000m\000a\000t\000t\000e\000r\000s}{section.1.4}% 18
\BOOKMARK [2][-]{subsection.1.4.3}{\376\377\000W\000h\000a\000t\000\040\000i\000s\000\040\000s\000p\000e\000c\000i\000f\000i\000c\000\040\000t\000o\000\040\000M\000a\000p\000I\000T}{section.1.4}% 19
\BOOKMARK [1][-]{section.1.5}{\376\377\000M\000o\000t\000i\000v\000a\000t\000i\000o\000n\000s\000\040\000a\000n\000d\000\040\000P\000r\000o\000j\000e\000c\000t\000\040\000R\000e\000l\000e\000v\000a\000n\000c\000e}{chapter.1}% 20
\BOOKMARK [2][-]{subsection.1.5.1}{\376\377\000A\000c\000a\000d\000e\000m\000i\000c\000\040\000m\000o\000t\000i\000v\000a\000t\000i\000o\000n}{section.1.5}% 21
\BOOKMARK [2][-]{subsection.1.5.2}{\376\377\000P\000r\000o\000f\000e\000s\000s\000i\000o\000n\000a\000l\000\040\000m\000o\000t\000i\000v\000a\000t\000i\000o\000n}{section.1.5}% 22
\BOOKMARK [1][-]{section.1.6}{\376\377\000O\000u\000r\000\040\000R\000o\000l\000e\000\040\000a\000s\000\040\000C\000o\000m\000p\000u\000t\000e\000r\000\040\000S\000c\000i\000e\000n\000c\000e\000\040\000S\000t\000u\000d\000e\000n\000t\000s\000\040\000S\000p\000e\000c\000i\000a\000l\000i\000z\000i\000n\000g\000\040\000i\000n\000\040\000C\000o\000m\000p\000u\000t\000e\000r\000\040\000S\000y\000s\000t\000e\000m\000s}{chapter.1}% 23
\BOOKMARK [2][-]{subsection.1.6.1}{\376\377\000A\000c\000a\000d\000e\000m\000i\000c\000\040\000r\000o\000l\000e}{section.1.6}% 24
\BOOKMARK [2][-]{subsection.1.6.2}{\376\377\000T\000e\000c\000h\000n\000i\000c\000a\000l\000\040\000r\000o\000l\000e}{section.1.6}% 25
\BOOKMARK [1][-]{section.1.7}{\376\377\000P\000r\000o\000j\000e\000c\000t\000\040\000O\000b\000j\000e\000c\000t\000i\000v\000e\000s\000\040\000a\000n\000d\000\040\000S\000c\000o\000p\000e}{chapter.1}% 26
\BOOKMARK [2][-]{subsection.1.7.1}{\376\377\000F\000u\000n\000c\000t\000i\000o\000n\000a\000l\000\040\000o\000b\000j\000e\000c\000t\000i\000v\000e\000s}{section.1.7}% 27
\BOOKMARK [2][-]{subsection.1.7.2}{\376\377\000S\000c\000o\000p\000e\000\040\000o\000f\000\040\000t\000h\000e\000\040\000f\000i\000r\000s\000t\000\040\000p\000h\000a\000s\000e}{section.1.7}% 28
\BOOKMARK [2][-]{subsection.1.7.3}{\376\377\000P\000l\000a\000n\000n\000i\000n\000g\000\040\000a\000n\000d\000\040\000w\000o\000r\000k\000\040\000o\000r\000g\000a\000n\000i\000z\000a\000t\000i\000o\000n}{section.1.7}% 29
\BOOKMARK [1][-]{section.1.8}{\376\377\000C\000h\000a\000p\000t\000e\000r\000\040\000C\000o\000n\000c\000l\000u\000s\000i\000o\000n}{chapter.1}% 30
\BOOKMARK [0][-]{chapter.2}{\376\377\000S\000t\000u\000d\000y\000\040\000o\000f\000\040\000E\000x\000i\000s\000t\000i\000n\000g\000\040\000S\000o\000l\000u\000t\000i\000o\000n\000s}{part.1}% 31
\BOOKMARK [1][-]{section.2.1}{\376\377\000I\000n\000t\000r\000o\000d\000u\000c\000t\000i\000o\000n}{chapter.2}% 32
\BOOKMARK [1][-]{section.2.2}{\376\377\000M\000e\000t\000h\000o\000d\000o\000l\000o\000g\000y\000\040\000f\000o\000r\000\040\000C\000o\000m\000p\000a\000r\000i\000n\000g\000\040\000E\000x\000i\000s\000t\000i\000n\000g\000\040\000S\000o\000l\000u\000t\000i\000o\000n\000s}{chapter.2}% 33
\BOOKMARK [1][-]{section.2.3}{\376\377\000R\000e\000v\000i\000e\000w\000\040\000o\000f\000\040\000E\000x\000i\000s\000t\000i\000n\000g\000\040\000P\000l\000a\000t\000f\000o\000r\000m\000s}{chapter.2}% 34
\BOOKMARK [1][-]{section.2.4}{\376\377\000C\000o\000m\000p\000a\000r\000a\000t\000i\000v\000e\000\040\000A\000n\000a\000l\000y\000s\000i\000s}{chapter.2}% 35
\BOOKMARK [1][-]{section.2.5}{\376\377\000L\000i\000m\000i\000t\000a\000t\000i\000o\000n\000s\000\040\000o\000f\000\040\000t\000h\000e\000\040\000E\000x\000i\000s\000t\000i\000n\000g\000\040\000A\000p\000p\000r\000o\000a\000c\000h\000e\000s}{chapter.2}% 36
\BOOKMARK [1][-]{section.2.6}{\376\377\000P\000o\000s\000i\000t\000i\000o\000n\000i\000n\000g\000\040\000o\000f\000\040\000M\000a\000p\000I\000T}{chapter.2}% 37
\BOOKMARK [1][-]{section.2.7}{\376\377\000C\000h\000a\000p\000t\000e\000r\000\040\000C\000o\000n\000c\000l\000u\000s\000i\000o\000n}{chapter.2}% 38
\BOOKMARK [0][-]{chapter.3}{\376\377\000I\000T\000\040\000I\000n\000f\000r\000a\000s\000t\000r\000u\000c\000t\000u\000r\000e\000\040\000D\000o\000c\000u\000m\000e\000n\000t\000a\000t\000i\000o\000n\000\040\000a\000n\000d\000\040\000I\000n\000c\000i\000d\000e\000n\000t\000\040\000K\000n\000o\000w\000l\000e\000d\000g\000e\000\040\000M\000a\000n\000a\000g\000e\000m\000e\000n\000t}{part.1}% 39
\BOOKMARK [1][-]{section.3.1}{\376\377\000I\000n\000t\000r\000o\000d\000u\000c\000t\000i\000o\000n}{chapter.3}% 40
\BOOKMARK [1][-]{section.3.2}{\376\377\000I\000n\000f\000o\000r\000m\000a\000t\000i\000o\000n\000\040\000S\000y\000s\000t\000e\000m\000s\000\040\000a\000s\000\040\000a\000\040\000K\000n\000o\000w\000l\000e\000d\000g\000e\000\040\000I\000n\000f\000r\000a\000s\000t\000r\000u\000c\000t\000u\000r\000e}{chapter.3}% 41
\BOOKMARK [2][-]{subsection.3.2.1}{\376\377\000D\000e\000f\000i\000n\000i\000t\000i\000o\000n\000\040\000o\000f\000\040\000a\000n\000\040\000i\000n\000f\000o\000r\000m\000a\000t\000i\000o\000n\000\040\000s\000y\000s\000t\000e\000m}{section.3.2}% 42
\BOOKMARK [2][-]{subsection.3.2.2}{\376\377\000D\000e\000f\000i\000n\000i\000t\000i\000o\000n\000\040\000o\000f\000\040\000I\000T\000\040\000d\000o\000c\000u\000m\000e\000n\000t\000a\000t\000i\000o\000n}{section.3.2}% 43
\BOOKMARK [2][-]{subsection.3.2.3}{\376\377\000F\000r\000o\000m\000\040\000d\000a\000t\000a\000\040\000t\000o\000\040\000o\000p\000e\000r\000a\000t\000i\000o\000n\000a\000l\000\040\000k\000n\000o\000w\000l\000e\000d\000g\000e}{section.3.2}% 44
\BOOKMARK [2][-]{subsection.3.2.4}{\376\377\000W\000h\000y\000\040\000t\000h\000e\000\040\000c\000o\000n\000c\000e\000p\000t\000\040\000m\000a\000t\000t\000e\000r\000s\000\040\000f\000o\000r\000\040\000M\000a\000p\000I\000T}{section.3.2}% 45
\BOOKMARK [1][-]{section.3.3}{\376\377\000K\000n\000o\000w\000l\000e\000d\000g\000e\000\040\000M\000a\000n\000a\000g\000e\000m\000e\000n\000t\000\040\000i\000n\000\040\000I\000T\000\040\000O\000p\000e\000r\000a\000t\000i\000o\000n\000s}{chapter.3}% 46
\BOOKMARK [2][-]{subsection.3.3.1}{\376\377\000K\000n\000o\000w\000l\000e\000d\000g\000e\000\040\000c\000a\000p\000t\000u\000r\000e\000\040\000a\000n\000d\000\040\000r\000e\000u\000s\000e}{section.3.3}% 47
\BOOKMARK [2][-]{subsection.3.3.2}{\376\377\000K\000n\000o\000w\000l\000e\000d\000g\000e\000\040\000q\000u\000a\000l\000i\000t\000y\000\040\000a\000n\000d\000\040\000t\000r\000a\000c\000e\000a\000b\000i\000l\000i\000t\000y}{section.3.3}% 48
\BOOKMARK [2][-]{subsection.3.3.3}{\376\377\000W\000h\000y\000\040\000t\000h\000i\000s\000\040\000i\000s\000\040\000i\000m\000p\000o\000r\000t\000a\000n\000t\000\040\000f\000o\000r\000\040\000I\000T\000\040\000t\000e\000a\000m\000s}{section.3.3}% 49
\BOOKMARK [1][-]{section.3.4}{\376\377\000I\000n\000c\000i\000d\000e\000n\000t\000\040\000T\000r\000a\000c\000k\000i\000n\000g\000\040\000a\000n\000d\000\040\000R\000e\000l\000a\000t\000i\000o\000n\000s\000h\000i\000p\000\040\000M\000a\000p\000p\000i\000n\000g}{chapter.3}% 50
\BOOKMARK [2][-]{subsection.3.4.1}{\376\377\000I\000n\000c\000i\000d\000e\000n\000t\000\040\000t\000r\000a\000c\000k\000i\000n\000g}{section.3.4}% 51
\BOOKMARK [2][-]{subsection.3.4.2}{\376\377\000R\000e\000l\000a\000t\000i\000o\000n\000s\000h\000i\000p\000\040\000m\000a\000p\000p\000i\000n\000g}{section.3.4}% 52
\BOOKMARK [2][-]{subsection.3.4.3}{\376\377\000W\000h\000y\000\040\000b\000o\000t\000h\000\040\000c\000o\000n\000c\000e\000p\000t\000s\000\040\000a\000r\000e\000\040\000e\000s\000s\000e\000n\000t\000i\000a\000l}{section.3.4}% 53
\BOOKMARK [1][-]{section.3.5}{\376\377\000A\000p\000p\000l\000y\000i\000n\000g\000\040\000t\000h\000e\000\040\000T\000h\000e\000o\000r\000y\000\040\000t\000o\000\040\000M\000a\000p\000I\000T}{chapter.3}% 54
\BOOKMARK [2][-]{subsection.3.5.1}{\376\377\000T\000h\000e\000\040\000M\000a\000p\000I\000T\000\040\000d\000o\000m\000a\000i\000n\000\040\000m\000o\000d\000e\000l}{section.3.5}% 55
\BOOKMARK [2][-]{subsection.3.5.2}{\376\377\000H\000o\000w\000\040\000t\000h\000e\000\040\000t\000h\000e\000o\000r\000y\000\040\000a\000p\000p\000e\000a\000r\000s\000\040\000i\000n\000\040\000t\000h\000e\000\040\000i\000n\000t\000e\000r\000f\000a\000c\000e}{section.3.5}% 56
\BOOKMARK [2][-]{subsection.3.5.3}{\376\377\000C\000o\000n\000s\000i\000s\000t\000e\000n\000c\000y\000\040\000o\000f\000\040\000t\000h\000e\000\040\000t\000h\000e\000o\000r\000e\000t\000i\000c\000a\000l\000\040\000p\000a\000t\000h}{section.3.5}% 57
\BOOKMARK [1][-]{section.3.6}{\376\377\000C\000h\000a\000p\000t\000e\000r\000\040\000C\000o\000n\000c\000l\000u\000s\000i\000o\000n}{chapter.3}% 58
\BOOKMARK [-1][-]{part.2}{\376\377\000I\000I\000\040\000P\000r\000a\000c\000t\000i\000c\000a\000l\000\040\000P\000a\000r\000t}{}% 59
\BOOKMARK [0][-]{chapter.4}{\376\377\000C\000o\000n\000c\000e\000p\000t\000i\000o\000n}{part.2}% 60
\BOOKMARK [1][-]{section.4.1}{\376\377\000I\000n\000t\000r\000o\000d\000u\000c\000t\000i\000o\000n}{chapter.4}% 61
\BOOKMARK [1][-]{section.4.2}{\376\377\000R\000e\000q\000u\000i\000r\000e\000m\000e\000n\000t\000\040\000E\000l\000i\000c\000i\000t\000a\000t\000i\000o\000n}{chapter.4}% 62
\BOOKMARK [1][-]{section.4.3}{\376\377\000F\000u\000n\000c\000t\000i\000o\000n\000a\000l\000\040\000R\000e\000q\000u\000i\000r\000e\000m\000e\000n\000t\000s}{chapter.4}% 63
\BOOKMARK [1][-]{section.4.4}{\376\377\000N\000o\000n\000-\000F\000u\000n\000c\000t\000i\000o\000n\000a\000l\000\040\000R\000e\000q\000u\000i\000r\000e\000m\000e\000n\000t\000s}{chapter.4}% 64
\BOOKMARK [1][-]{section.4.5}{\376\377\000H\000i\000g\000h\000-\000L\000e\000v\000e\000l\000\040\000A\000r\000c\000h\000i\000t\000e\000c\000t\000u\000r\000e}{chapter.4}% 65
\BOOKMARK [1][-]{section.4.6}{\376\377\000M\000o\000d\000u\000l\000e\000\040\000D\000e\000c\000o\000m\000p\000o\000s\000i\000t\000i\000o\000n\000\040\000a\000n\000d\000\040\000U\000s\000e\000r\000\040\000J\000o\000u\000r\000n\000e\000y\000s}{chapter.4}% 66
\BOOKMARK [1][-]{section.4.7}{\376\377\000D\000e\000s\000i\000g\000n\000\040\000D\000e\000c\000i\000s\000i\000o\000n\000s\000\040\000a\000n\000d\000\040\000C\000o\000n\000s\000t\000r\000a\000i\000n\000t\000s}{chapter.4}% 67
\BOOKMARK [1][-]{section.4.8}{\376\377\000C\000h\000a\000p\000t\000e\000r\000\040\000C\000o\000n\000c\000l\000u\000s\000i\000o\000n}{chapter.4}% 68
\BOOKMARK [0][-]{chapter.5}{\376\377\000M\000o\000d\000e\000l\000i\000n\000g}{part.2}% 69
\BOOKMARK [1][-]{section.5.1}{\376\377\000I\000n\000t\000r\000o\000d\000u\000c\000t\000i\000o\000n}{chapter.5}% 70
\BOOKMARK [1][-]{section.5.2}{\376\377\000A\000c\000t\000o\000r\000s\000\040\000a\000n\000d\000\040\000U\000s\000e\000\040\000C\000a\000s\000e\000s}{chapter.5}% 71
\BOOKMARK [1][-]{section.5.3}{\376\377\000U\000s\000e\000\040\000C\000a\000s\000e\000\040\000S\000p\000e\000c\000i\000f\000i\000c\000a\000t\000i\000o\000n\000s}{chapter.5}% 72
\BOOKMARK [1][-]{section.5.4}{\376\377\000S\000e\000q\000u\000e\000n\000c\000e\000\040\000D\000i\000a\000g\000r\000a\000m\000s}{chapter.5}% 73
\BOOKMARK [1][-]{section.5.5}{\376\377\000C\000l\000a\000s\000s\000\040\000D\000i\000a\000g\000r\000a\000m\000\040\000a\000n\000d\000\040\000D\000o\000m\000a\000i\000n\000\040\000M\000o\000d\000e\000l}{chapter.5}% 74
\BOOKMARK [1][-]{section.5.6}{\376\377\000D\000a\000t\000a\000\040\000M\000o\000d\000e\000l\000\040\000a\000n\000d\000\040\000R\000e\000l\000a\000t\000i\000o\000n\000a\000l\000\040\000S\000c\000h\000e\000m\000a}{chapter.5}% 75
\BOOKMARK [1][-]{section.5.7}{\376\377\000O\000p\000t\000i\000o\000n\000a\000l\000\040\000C\000o\000m\000p\000l\000e\000m\000e\000n\000t\000a\000r\000y\000\040\000D\000i\000a\000g\000r\000a\000m\000s}{chapter.5}% 76
\BOOKMARK [1][-]{section.5.8}{\376\377\000C\000h\000a\000p\000t\000e\000r\000\040\000C\000o\000n\000c\000l\000u\000s\000i\000o\000n}{chapter.5}% 77
\BOOKMARK [0][-]{chapter.6}{\376\377\000I\000m\000p\000l\000e\000m\000e\000n\000t\000a\000t\000i\000o\000n}{part.2}% 78
\BOOKMARK [1][-]{section.6.1}{\376\377\000I\000n\000t\000r\000o\000d\000u\000c\000t\000i\000o\000n}{chapter.6}% 79
\BOOKMARK [1][-]{section.6.2}{\376\377\000T\000e\000c\000h\000n\000i\000c\000a\000l\000\040\000S\000t\000a\000c\000k\000\040\000a\000n\000d\000\040\000S\000y\000s\000t\000e\000m\000\040\000A\000r\000c\000h\000i\000t\000e\000c\000t\000u\000r\000e}{chapter.6}% 80
\BOOKMARK [2][-]{subsection.6.2.1}{\376\377\000M\000o\000n\000o\000r\000e\000p\000o\000\040\000s\000t\000r\000u\000c\000t\000u\000r\000e}{section.6.2}% 81
\BOOKMARK [2][-]{subsection.6.2.2}{\376\377\000W\000e\000b\000\040\000i\000m\000p\000l\000e\000m\000e\000n\000t\000a\000t\000i\000o\000n\000\040\000s\000t\000a\000c\000k}{section.6.2}% 82
\BOOKMARK [2][-]{subsection.6.2.3}{\376\377\000B\000a\000c\000k\000e\000n\000d\000\040\000i\000m\000p\000l\000e\000m\000e\000n\000t\000a\000t\000i\000o\000n\000\040\000s\000t\000a\000c\000k}{section.6.2}% 83
\BOOKMARK [2][-]{subsection.6.2.4}{\376\377\000D\000a\000t\000a\000\040\000a\000n\000d\000\040\000p\000e\000r\000s\000i\000s\000t\000e\000n\000c\000e\000\040\000l\000a\000y\000e\000r}{section.6.2}% 84
\BOOKMARK [1][-]{section.6.3}{\376\377\000A\000u\000t\000h\000e\000n\000t\000i\000c\000a\000t\000i\000o\000n\000\040\000a\000n\000d\000\040\000A\000c\000c\000e\000s\000s\000\040\000C\000o\000n\000t\000r\000o\000l}{chapter.6}% 85
\BOOKMARK [2][-]{subsection.6.3.1}{\376\377\000L\000o\000g\000i\000n\000\040\000f\000l\000o\000w}{section.6.3}% 86
\BOOKMARK [2][-]{subsection.6.3.2}{\376\377\000S\000e\000s\000s\000i\000o\000n\000\040\000a\000n\000d\000\040\000p\000r\000o\000x\000y\000\040\000h\000a\000n\000d\000l\000i\000n\000g}{section.6.3}% 87
\BOOKMARK [2][-]{subsection.6.3.3}{\376\377\000R\000o\000l\000e\000-\000b\000a\000s\000e\000d\000\040\000a\000n\000d\000\040\000p\000e\000r\000m\000i\000s\000s\000i\000o\000n\000-\000b\000a\000s\000e\000d\000\040\000a\000c\000c\000e\000s\000s\000\040\000c\000o\000n\000t\000r\000o\000l}{section.6.3}% 88
\BOOKMARK [1][-]{section.6.4}{\376\377\000B\000a\000c\000k\000e\000n\000d\000\040\000M\000o\000d\000u\000l\000e\000s\000\040\000a\000n\000d\000\040\000B\000u\000s\000i\000n\000e\000s\000s\000\040\000F\000u\000n\000c\000t\000i\000o\000n\000s}{chapter.6}% 89
\BOOKMARK [2][-]{subsection.6.4.1}{\376\377\000I\000n\000c\000i\000d\000e\000n\000t\000s}{section.6.4}% 90
\BOOKMARK [2][-]{subsection.6.4.2}{\376\377\000A\000s\000s\000e\000t\000s\000\040\000a\000n\000d\000\040\000r\000e\000l\000a\000t\000i\000o\000n\000s\000h\000i\000p\000s}{section.6.4}% 91
\BOOKMARK [2][-]{subsection.6.4.3}{\376\377\000P\000r\000o\000b\000l\000e\000m\000s\000\040\000a\000n\000d\000\040\000k\000n\000o\000w\000l\000e\000d\000g\000e\000\040\000r\000e\000u\000s\000e}{section.6.4}% 92
\BOOKMARK [2][-]{subsection.6.4.4}{\376\377\000S\000e\000a\000r\000c\000h\000,\000\040\000r\000e\000p\000o\000r\000t\000s\000,\000\040\000s\000e\000t\000t\000i\000n\000g\000s\000,\000\040\000a\000n\000d\000\040\000a\000u\000d\000i\000t\000\040\000l\000o\000g\000s}{section.6.4}% 93
\BOOKMARK [1][-]{section.6.5}{\376\377\000R\000e\000a\000l\000i\000z\000e\000d\000\040\000U\000s\000e\000r\000\040\000I\000n\000t\000e\000r\000f\000a\000c\000e\000s}{chapter.6}% 94
\BOOKMARK [2][-]{subsection.6.5.1}{\376\377\000L\000o\000g\000i\000n\000\040\000a\000n\000d\000\040\000s\000h\000a\000r\000e\000d\000\040\000l\000a\000y\000o\000u\000t}{section.6.5}% 95
\BOOKMARK [2][-]{subsection.6.5.2}{\376\377\000D\000a\000s\000h\000b\000o\000a\000r\000d}{section.6.5}% 96
\BOOKMARK [2][-]{subsection.6.5.3}{\376\377\000I\000n\000c\000i\000d\000e\000n\000t\000s}{section.6.5}% 97
\BOOKMARK [2][-]{subsection.6.5.4}{\376\377\000A\000s\000s\000e\000t\000s}{section.6.5}% 98
\BOOKMARK [2][-]{subsection.6.5.5}{\376\377\000P\000r\000o\000b\000l\000e\000m\000s\000,\000\040\000r\000e\000l\000a\000t\000i\000o\000n\000s\000h\000i\000p\000s\000,\000\040\000s\000e\000a\000r\000c\000h\000,\000\040\000r\000e\000p\000o\000r\000t\000s\000,\000\040\000a\000n\000d\000\040\000s\000e\000t\000t\000i\000n\000g\000s}{section.6.5}% 99
\BOOKMARK [1][-]{section.6.6}{\376\377\000D\000e\000p\000l\000o\000y\000m\000e\000n\000t\000\040\000a\000n\000d\000\040\000E\000x\000e\000c\000u\000t\000i\000o\000n\000\040\000N\000o\000t\000e\000s}{chapter.6}% 100
\BOOKMARK [2][-]{subsection.6.6.1}{\376\377\000L\000o\000c\000a\000l\000\040\000e\000x\000e\000c\000u\000t\000i\000o\000n}{section.6.6}% 101
\BOOKMARK [2][-]{subsection.6.6.2}{\376\377\000E\000n\000v\000i\000r\000o\000n\000m\000e\000n\000t\000\040\000a\000n\000d\000\040\000c\000o\000n\000f\000i\000g\000u\000r\000a\000t\000i\000o\000n}{section.6.6}% 102
\BOOKMARK [2][-]{subsection.6.6.3}{\376\377\000P\000r\000o\000d\000u\000c\000t\000i\000o\000n\000\040\000o\000r\000i\000e\000n\000t\000a\000t\000i\000o\000n}{section.6.6}% 103
\BOOKMARK [1][-]{section.6.7}{\376\377\000V\000a\000l\000i\000d\000a\000t\000i\000o\000n\000\040\000a\000n\000d\000\040\000T\000e\000s\000t\000i\000n\000g}{chapter.6}% 104
\BOOKMARK [2][-]{subsection.6.7.1}{\376\377\000B\000a\000c\000k\000e\000n\000d\000\040\000c\000h\000e\000c\000k\000s}{section.6.7}% 105
\BOOKMARK [2][-]{subsection.6.7.2}{\376\377\000F\000r\000o\000n\000t\000e\000n\000d\000\040\000c\000h\000e\000c\000k\000s}{section.6.7}% 106
\BOOKMARK [1][-]{section.6.8}{\376\377\000C\000h\000a\000p\000t\000e\000r\000\040\000C\000o\000n\000c\000l\000u\000s\000i\000o\000n}{chapter.6}% 107
\BOOKMARK [0][-]{chapter*.29}{\376\377\000G\000e\000n\000e\000r\000a\000l\000\040\000C\000o\000n\000c\000l\000u\000s\000i\000o\000n}{part.2}% 108
